<?xml version="1.0" encoding="UTF-8"?>
<robot generator="Robot 7.1.1 (Python 3.13.1 on win32)" generated="2025-02-25T14:10:15.253178" rpa="false" schemaversion="5">
<suite id="s1" name="Highlightdetail Invalid" source="C:\SoftEn\git-group-repository-group-5-sec-2\Test\test_highlight_detail\highlightdetail_invalid.robot">
<test id="s1-t1" name="Test Click Nonexistent Tag Link" line="6">
<kw name="Open Highlight Detail Page" owner="resource">
<kw name="Open Browser" owner="SeleniumLibrary">
<msg time="2025-02-25T14:10:15.520098" level="INFO">Opening browser 'Chrome' to base url 'http://127.0.0.1:8000/highlightdetail/1'.</msg>
<arg>${HIGHLIGHT_DETAIL_URL}</arg>
<arg>${BROWSER}</arg>
<doc>Opens a new browser instance to the optional ``url``.</doc>
<status status="PASS" start="2025-02-25T14:10:15.519884" elapsed="6.453375"/>
</kw>
<kw name="Maximize Browser Window" owner="SeleniumLibrary">
<doc>Maximizes current browser window.</doc>
<status status="PASS" start="2025-02-25T14:10:21.974239" elapsed="0.097441"/>
</kw>
<kw name="Sleep" owner="BuiltIn">
<msg time="2025-02-25T14:10:24.073138" level="INFO">Slept 2 seconds.</msg>
<arg>2s</arg>
<doc>Pauses the test executed for the given time.</doc>
<status status="PASS" start="2025-02-25T14:10:22.071972" elapsed="2.001541"/>
</kw>
<kw name="Wait Until Page Contains Element" owner="SeleniumLibrary">
<arg>${COVER_IMAGE}</arg>
<arg>timeout=5s</arg>
<doc>Waits until the element ``locator`` appears on the current page.</doc>
<status status="PASS" start="2025-02-25T14:10:24.074066" elapsed="0.019059"/>
</kw>
<status status="PASS" start="2025-02-25T14:10:15.519303" elapsed="8.573929"/>
</kw>
<kw name="Get Location" owner="SeleniumLibrary">
<msg time="2025-02-25T14:10:24.097775" level="INFO">${current_url} = http://127.0.0.1:8000/highlightdetail/1</msg>
<var>${current_url}</var>
<doc>Returns the current browser window URL.</doc>
<status status="PASS" start="2025-02-25T14:10:24.093596" elapsed="0.004214"/>
</kw>
<kw name="Run Keyword And Expect Error" owner="BuiltIn">
<kw name="Click Element" owner="SeleniumLibrary">
<msg time="2025-02-25T14:10:24.098344" level="INFO">Clicking element 'xpath=//a[@id='nonExistentTag']'.</msg>
<msg time="2025-02-25T14:10:24.319833" level="INFO" html="true">&lt;/td&gt;&lt;/tr&gt;&lt;tr&gt;&lt;td colspan="3"&gt;&lt;a href="selenium-screenshot-21.png"&gt;&lt;img src="selenium-screenshot-21.png" width="800px"&gt;&lt;/a&gt;</msg>
<msg time="2025-02-25T14:10:24.319980" level="FAIL">Element with locator 'xpath=//a[@id='nonExistentTag']' not found.</msg>
<arg>xpath=//a[@id='nonExistentTag']</arg>
<doc>Click the element identified by ``locator``.</doc>
<status status="FAIL" start="2025-02-25T14:10:24.098188" elapsed="0.224252">Element with locator 'xpath=//a[@id='nonExistentTag']' not found.</status>
</kw>
<arg>*</arg>
<arg>Click Element</arg>
<arg>xpath=//a[@id='nonExistentTag']</arg>
<doc>Runs the keyword and checks that the expected error occurred.</doc>
<status status="PASS" start="2025-02-25T14:10:24.098037" elapsed="0.224572"/>
</kw>
<kw name="Get Location" owner="SeleniumLibrary">
<msg time="2025-02-25T14:10:24.326657" level="INFO">${new_url} = http://127.0.0.1:8000/highlightdetail/1</msg>
<var>${new_url}</var>
<doc>Returns the current browser window URL.</doc>
<status status="PASS" start="2025-02-25T14:10:24.322904" elapsed="0.003789"/>
</kw>
<kw name="Should Be Equal" owner="BuiltIn">
<arg>${current_url}</arg>
<arg>${new_url}</arg>
<arg>msg=URL should not change when clicking a nonexistent tag link</arg>
<doc>Fails if the given objects are unequal.</doc>
<status status="PASS" start="2025-02-25T14:10:24.326904" elapsed="0.000228"/>
</kw>
<kw name="Close Browser Session" owner="resource">
<kw name="Close Browser" owner="SeleniumLibrary">
<doc>Closes the current browser.</doc>
<status status="PASS" start="2025-02-25T14:10:24.327530" elapsed="2.264645"/>
</kw>
<status status="PASS" start="2025-02-25T14:10:24.327331" elapsed="2.265264"/>
</kw>
<status status="PASS" start="2025-02-25T14:10:15.518691" elapsed="11.074886"/>
</test>
<test id="s1-t2" name="Test Click Nonexistent Gallery Image" line="14">
<kw name="Open Highlight Detail Page" owner="resource">
<kw name="Open Browser" owner="SeleniumLibrary">
<msg time="2025-02-25T14:10:26.599544" level="INFO">Opening browser 'Chrome' to base url 'http://127.0.0.1:8000/highlightdetail/1'.</msg>
<arg>${HIGHLIGHT_DETAIL_URL}</arg>
<arg>${BROWSER}</arg>
<doc>Opens a new browser instance to the optional ``url``.</doc>
<status status="PASS" start="2025-02-25T14:10:26.598730" elapsed="8.177987"/>
</kw>
<kw name="Maximize Browser Window" owner="SeleniumLibrary">
<doc>Maximizes current browser window.</doc>
<status status="PASS" start="2025-02-25T14:10:34.777558" elapsed="0.065999"/>
</kw>
<kw name="Sleep" owner="BuiltIn">
<msg time="2025-02-25T14:10:36.844272" level="INFO">Slept 2 seconds.</msg>
<arg>2s</arg>
<doc>Pauses the test executed for the given time.</doc>
<status status="PASS" start="2025-02-25T14:10:34.843751" elapsed="2.000632"/>
</kw>
<kw name="Wait Until Page Contains Element" owner="SeleniumLibrary">
<arg>${COVER_IMAGE}</arg>
<arg>timeout=5s</arg>
<doc>Waits until the element ``locator`` appears on the current page.</doc>
<status status="PASS" start="2025-02-25T14:10:36.844565" elapsed="0.011687"/>
</kw>
<status status="PASS" start="2025-02-25T14:10:26.597820" elapsed="10.258532"/>
</kw>
<kw name="Get Location" owner="SeleniumLibrary">
<msg time="2025-02-25T14:10:36.860078" level="INFO">${current_url} = http://127.0.0.1:8000/highlightdetail/1</msg>
<var>${current_url}</var>
<doc>Returns the current browser window URL.</doc>
<status status="PASS" start="2025-02-25T14:10:36.856566" elapsed="0.003548"/>
</kw>
<kw name="Run Keyword And Expect Error" owner="BuiltIn">
<kw name="Click Element" owner="SeleniumLibrary">
<msg time="2025-02-25T14:10:36.860611" level="INFO">Clicking element 'xpath=//img[@id='nonExistentGallery']'.</msg>
<msg time="2025-02-25T14:10:37.084247" level="INFO" html="true">&lt;/td&gt;&lt;/tr&gt;&lt;tr&gt;&lt;td colspan="3"&gt;&lt;a href="selenium-screenshot-22.png"&gt;&lt;img src="selenium-screenshot-22.png" width="800px"&gt;&lt;/a&gt;</msg>
<msg time="2025-02-25T14:10:37.084422" level="FAIL">Element with locator 'xpath=//img[@id='nonExistentGallery']' not found.</msg>
<arg>xpath=//img[@id='nonExistentGallery']</arg>
<doc>Click the element identified by ``locator``.</doc>
<status status="FAIL" start="2025-02-25T14:10:36.860482" elapsed="0.224984">Element with locator 'xpath=//img[@id='nonExistentGallery']' not found.</status>
</kw>
<arg>*</arg>
<arg>Click Element</arg>
<arg>xpath=//img[@id='nonExistentGallery']</arg>
<doc>Runs the keyword and checks that the expected error occurred.</doc>
<status status="PASS" start="2025-02-25T14:10:36.860336" elapsed="0.225239"/>
</kw>
<kw name="Get Location" owner="SeleniumLibrary">
<msg time="2025-02-25T14:10:37.090051" level="INFO">${new_url} = http://127.0.0.1:8000/highlightdetail/1</msg>
<var>${new_url}</var>
<doc>Returns the current browser window URL.</doc>
<status status="PASS" start="2025-02-25T14:10:37.085844" elapsed="0.004255"/>
</kw>
<kw name="Should Be Equal" owner="BuiltIn">
<arg>${current_url}</arg>
<arg>${new_url}</arg>
<arg>msg=URL should not change when clicking a nonexistent gallery image</arg>
<doc>Fails if the given objects are unequal.</doc>
<status status="PASS" start="2025-02-25T14:10:37.090321" elapsed="0.000240"/>
</kw>
<kw name="Close Browser Session" owner="resource">
<kw name="Close Browser" owner="SeleniumLibrary">
<doc>Closes the current browser.</doc>
<status status="PASS" start="2025-02-25T14:10:37.090945" elapsed="2.259944"/>
</kw>
<status status="PASS" start="2025-02-25T14:10:37.090762" elapsed="2.260252"/>
</kw>
<status status="PASS" start="2025-02-25T14:10:26.596218" elapsed="12.755122"/>
</test>
<status status="PASS" start="2025-02-25T14:10:15.254549" elapsed="24.097879"/>
</suite>
<statistics>
<total>
<stat pass="2" fail="0" skip="0">All Tests</stat>
</total>
<tag>
</tag>
<suite>
<stat pass="2" fail="0" skip="0" id="s1" name="Highlightdetail Invalid">Highlightdetail Invalid</stat>
</suite>
</statistics>
<errors>
</errors>
</robot>
