<?xml version="1.0" encoding="UTF-8"?>
<robot generator="Robot 7.1.1 (Python 3.11.9 on win32)" generated="2025-02-24T18:27:01.221573" rpa="false" schemaversion="5">
<suite id="s1" name="Delete Tag" source="C:\Users\User\Desktop\TestScript\delete_tag.robot">
<test id="s1-t1" name="Login" line="12">
<kw name="Open Browser To Login Page" owner="resource_setting_highlight">
<kw name="Open Browser" owner="SeleniumLibrary">
<msg time="2025-02-24T18:27:01.566634" level="INFO">Opening browser 'Chrome' to base url 'http://127.0.0.1:8000/login'.</msg>
<arg>${LOGIN URL}</arg>
<arg>${BROWSER}</arg>
<doc>Opens a new browser instance to the optional ``url``.</doc>
<status status="PASS" start="2025-02-24T18:27:01.566634" elapsed="2.228763"/>
</kw>
<kw name="Maximize Browser Window" owner="SeleniumLibrary">
<doc>Maximizes current browser window.</doc>
<status status="PASS" start="2025-02-24T18:27:03.795397" elapsed="0.037723"/>
</kw>
<kw name="Set Selenium Speed" owner="SeleniumLibrary">
<arg>${DELAY}</arg>
<doc>Sets the delay that is waited after each Selenium command.</doc>
<status status="PASS" start="2025-02-24T18:27:03.833120" elapsed="0.001429"/>
</kw>
<kw name="Title Should Be" owner="SeleniumLibrary">
<msg time="2025-02-24T18:27:03.948394" level="INFO">Page title is 'Login'.</msg>
<arg>Login</arg>
<doc>Verifies that the current page title equals ``title``.</doc>
<status status="PASS" start="2025-02-24T18:27:03.834549" elapsed="0.113845"/>
</kw>
<status status="PASS" start="2025-02-24T18:27:01.565631" elapsed="2.383272"/>
</kw>
<kw name="Input Username" owner="resource_setting_highlight">
<kw name="Input Text" owner="SeleniumLibrary">
<msg time="2025-02-24T18:27:03.949911" level="INFO">Typing text 'staff@gmail.com' into text field 'id:username'.</msg>
<arg>id:username</arg>
<arg>${username}</arg>
<doc>Types the given ``text`` into the text field identified by ``locator``.</doc>
<status status="PASS" start="2025-02-24T18:27:03.949911" elapsed="0.452237"/>
</kw>
<arg>${USERNAME}</arg>
<status status="PASS" start="2025-02-24T18:27:03.948903" elapsed="0.453245"/>
</kw>
<kw name="Input Password" owner="resource_setting_highlight">
<kw name="Input Text" owner="SeleniumLibrary">
<msg time="2025-02-24T18:27:04.403156" level="INFO">Typing text '123456789' into text field 'id:password'.</msg>
<arg>id:password</arg>
<arg>${password}</arg>
<doc>Types the given ``text`` into the text field identified by ``locator``.</doc>
<status status="PASS" start="2025-02-24T18:27:04.403156" elapsed="0.512900"/>
</kw>
<arg>${PASSWORD}</arg>
<status status="PASS" start="2025-02-24T18:27:04.403156" elapsed="0.512900"/>
</kw>
<kw name="Submit Credentials" owner="resource_setting_highlight">
<kw name="Click Button" owner="SeleniumLibrary">
<msg time="2025-02-24T18:27:04.918397" level="INFO">Clicking button 'xpath=//button[@type='submit']'.</msg>
<arg>xpath=//button[@type='submit']</arg>
<doc>Clicks the button identified by ``locator``.</doc>
<status status="PASS" start="2025-02-24T18:27:04.917809" elapsed="2.765808"/>
</kw>
<kw name="Title Should Be" owner="SeleniumLibrary">
<msg time="2025-02-24T18:27:07.800811" level="INFO">Page title is 'Dashboard'.</msg>
<arg>Dashboard</arg>
<doc>Verifies that the current page title equals ``title``.</doc>
<status status="PASS" start="2025-02-24T18:27:07.683617" elapsed="0.117194"/>
</kw>
<status status="PASS" start="2025-02-24T18:27:04.917302" elapsed="2.884520"/>
</kw>
<status status="PASS" start="2025-02-24T18:27:01.563633" elapsed="6.238696"/>
</test>
<test id="s1-t2" name="Delete Tag" line="18">
<kw name="Go To Highlight Setting Page" owner="resource_setting_highlight">
<kw name="Scroll Element Into View" owner="SeleniumLibrary">
<arg>xpath=//span[text()='Highlight Setting']</arg>
<doc>Scrolls the element identified by ``locator`` into view.</doc>
<status status="PASS" start="2025-02-24T18:27:07.805341" elapsed="0.510235"/>
</kw>
<kw name="Click Element" owner="SeleniumLibrary">
<msg time="2025-02-24T18:27:08.316210" level="INFO">Clicking element 'xpath=//span[text()='Highlight Setting']'.</msg>
<arg>xpath=//span[text()='Highlight Setting']</arg>
<doc>Click the element identified by ``locator``.</doc>
<status status="PASS" start="2025-02-24T18:27:08.315576" elapsed="1.165019"/>
</kw>
<kw name="Title Should Be" owner="SeleniumLibrary">
<msg time="2025-02-24T18:27:09.590851" level="INFO">Page title is 'Highlight'.</msg>
<arg>Highlight</arg>
<doc>Verifies that the current page title equals ``title``.</doc>
<status status="PASS" start="2025-02-24T18:27:09.480595" elapsed="0.110256"/>
</kw>
<status status="PASS" start="2025-02-24T18:27:07.804339" elapsed="1.786512"/>
</kw>
<kw name="Scroll Element Into View" owner="SeleniumLibrary">
<arg>//td[text()='${TAGET_TAG_NAME}']</arg>
<doc>Scrolls the element identified by ``locator`` into view.</doc>
<status status="PASS" start="2025-02-24T18:27:09.591869" elapsed="0.520296"/>
</kw>
<kw name="Sleep" owner="BuiltIn">
<msg time="2025-02-24T18:27:11.114691" level="INFO">Slept 1 second.</msg>
<arg>1s</arg>
<doc>Pauses the test executed for the given time.</doc>
<status status="PASS" start="2025-02-24T18:27:10.113182" elapsed="1.001509"/>
</kw>
<kw name="Click Element" owner="SeleniumLibrary">
<msg time="2025-02-24T18:27:11.117018" level="INFO">Clicking element '//td[text()='Phumin']/following-sibling::td//button[@class='btn btn-danger btn-sm']'.</msg>
<arg>//td[text()='${TAGET_TAG_NAME}']/following-sibling::td//button[@class='btn btn-danger btn-sm']</arg>
<doc>Click the element identified by ``locator``.</doc>
<status status="PASS" start="2025-02-24T18:27:11.116017" elapsed="0.361052"/>
</kw>
<kw name="Sleep" owner="BuiltIn">
<msg time="2025-02-24T18:27:12.478376" level="INFO">Slept 1 second.</msg>
<arg>1s</arg>
<doc>Pauses the test executed for the given time.</doc>
<status status="PASS" start="2025-02-24T18:27:11.477069" elapsed="1.001307"/>
</kw>
<kw name="Handle Alert" owner="SeleniumLibrary">
<msg time="2025-02-24T18:27:12.479393" level="INFO">HANDLE::&lt;class 'NoneType'&gt;::None</msg>
<arg>accept</arg>
<doc>Handles the current alert and returns its message.</doc>
<status status="PASS" start="2025-02-24T18:27:12.479393" elapsed="0.313615"/>
</kw>
<kw name="Scroll To Bottom of Page" owner="resource_setting_highlight">
<kw name="Execute Javascript" owner="SeleniumLibrary">
<msg time="2025-02-24T18:27:12.794363" level="INFO">Executing JavaScript:
window.scrollTo(0, document.body.scrollHeight);
Without any arguments.</msg>
<arg>window.scrollTo(0, document.body.scrollHeight);</arg>
<doc>Executes the given JavaScript code with possible arguments.</doc>
<status status="PASS" start="2025-02-24T18:27:12.794363" elapsed="1.218762"/>
</kw>
<status status="PASS" start="2025-02-24T18:27:12.793008" elapsed="1.220628"/>
</kw>
<kw name="Sleep" owner="BuiltIn">
<msg time="2025-02-24T18:27:15.014106" level="INFO">Slept 1 second.</msg>
<arg>1s</arg>
<doc>Pauses the test executed for the given time.</doc>
<status status="PASS" start="2025-02-24T18:27:14.013636" elapsed="1.000470"/>
</kw>
<kw name="Close Browser" owner="SeleniumLibrary" type="TEARDOWN">
<doc>Closes the current browser.</doc>
<status status="PASS" start="2025-02-24T18:27:15.015448" elapsed="2.288820"/>
</kw>
<status status="PASS" start="2025-02-24T18:27:07.803337" elapsed="9.501949"/>
</test>
<doc>This is a test suite for valid delete a tag</doc>
<status status="PASS" start="2025-02-24T18:27:01.223575" elapsed="16.085227"/>
</suite>
<statistics>
<total>
<stat pass="2" fail="0" skip="0">All Tests</stat>
</total>
<tag>
</tag>
<suite>
<stat pass="2" fail="0" skip="0" id="s1" name="Delete Tag">Delete Tag</stat>
</suite>
</statistics>
<errors>
</errors>
</robot>
