<?xml version="1.0" encoding="UTF-8"?>
<robot generator="Robot 7.1.1 (Python 3.13.1 on win32)" generated="2025-02-25T03:06:00.079106" rpa="false" schemaversion="5">
<suite id="s1" name="Valid Banner" source="C:\SoftEn\git-group-repository-group-5-sec-2\Test\test_highlight_home\valid_banner.robot">
<test id="s1-t1" name="Test Click Highlight Link" line="6">
<kw name="Open Web Page" owner="resource">
<kw name="Open Browser" owner="SeleniumLibrary">
<msg time="2025-02-25T03:06:00.358540" level="INFO">Opening browser 'Chrome' to base url 'http://127.0.0.1:8000/'.</msg>
<arg>${SERVER}</arg>
<arg>${BROWSER}</arg>
<doc>Opens a new browser instance to the optional ``url``.</doc>
<status status="PASS" start="2025-02-25T03:06:00.358304" elapsed="8.794538"/>
</kw>
<kw name="Maximize Browser Window" owner="SeleniumLibrary">
<doc>Maximizes current browser window.</doc>
<status status="PASS" start="2025-02-25T03:06:09.153218" elapsed="0.055983"/>
</kw>
<kw name="Sleep" owner="BuiltIn">
<msg time="2025-02-25T03:06:11.210115" level="INFO">Slept 2 seconds.</msg>
<arg>2s</arg>
<doc>Pauses the test executed for the given time.</doc>
<status status="PASS" start="2025-02-25T03:06:09.209478" elapsed="2.000968"/>
</kw>
<kw name="Wait Until Page Contains Element" owner="SeleniumLibrary">
<arg>${CAROUSEL_CONTAINER}</arg>
<arg>timeout=5s</arg>
<doc>Waits until the element ``locator`` appears on the current page.</doc>
<status status="PASS" start="2025-02-25T03:06:11.210995" elapsed="0.014894"/>
</kw>
<status status="PASS" start="2025-02-25T03:06:00.357753" elapsed="10.868247"/>
</kw>
<kw name="Click Valid Highlight Link" owner="resource">
<kw name="Get Location" owner="SeleniumLibrary">
<msg time="2025-02-25T03:06:11.230011" level="INFO">${current_url} = http://127.0.0.1:8000/</msg>
<var>${current_url}</var>
<doc>Returns the current browser window URL.</doc>
<status status="PASS" start="2025-02-25T03:06:11.226773" elapsed="0.003273"/>
</kw>
<kw name="Click Element" owner="SeleniumLibrary">
<msg time="2025-02-25T03:06:11.230387" level="INFO">Clicking element 'xpath=//div[@id="carouselExampleIndicators"]//div[contains(@class, "carousel-item")]//a'.</msg>
<arg>${HIGHLIGHT_LINK}</arg>
<doc>Click the element identified by ``locator``.</doc>
<status status="PASS" start="2025-02-25T03:06:11.230205" elapsed="4.157381"/>
</kw>
<kw name="Sleep" owner="BuiltIn">
<msg time="2025-02-25T03:06:20.388735" level="INFO">Slept 5 seconds.</msg>
<arg>5s</arg>
<doc>Pauses the test executed for the given time.</doc>
<status status="PASS" start="2025-02-25T03:06:15.387952" elapsed="5.000893"/>
</kw>
<kw name="Get Location" owner="SeleniumLibrary">
<msg time="2025-02-25T03:06:20.393376" level="INFO">${new_url} = http://127.0.0.1:8000/highlightdetail/1</msg>
<var>${new_url}</var>
<doc>Returns the current browser window URL.</doc>
<status status="PASS" start="2025-02-25T03:06:20.389002" elapsed="0.004410"/>
</kw>
<kw name="Should Contain" owner="BuiltIn">
<arg>${new_url}</arg>
<arg>highlightdetail</arg>
<arg>msg=Expected URL to contain "highlightdetail"</arg>
<doc>Fails if ``container`` does not contain ``item`` one or more times.</doc>
<status status="PASS" start="2025-02-25T03:06:20.393549" elapsed="0.000200"/>
</kw>
<kw name="Go Back" owner="SeleniumLibrary">
<doc>Simulates the user clicking the back button on their browser.</doc>
<status status="PASS" start="2025-02-25T03:06:20.393861" elapsed="0.021084"/>
</kw>
<kw name="Sleep" owner="BuiltIn">
<msg time="2025-02-25T03:06:22.416101" level="INFO">Slept 2 seconds.</msg>
<arg>2s</arg>
<doc>Pauses the test executed for the given time.</doc>
<status status="PASS" start="2025-02-25T03:06:20.415222" elapsed="2.001190"/>
</kw>
<doc>Click the highlight link on the first slide and verify navigation.</doc>
<status status="PASS" start="2025-02-25T03:06:11.226488" elapsed="11.190273"/>
</kw>
<kw name="Close Browser Session" owner="resource">
<kw name="Close Browser" owner="SeleniumLibrary">
<doc>Closes the current browser.</doc>
<status status="PASS" start="2025-02-25T03:06:22.418662" elapsed="2.441634"/>
</kw>
<status status="PASS" start="2025-02-25T03:06:22.417834" elapsed="2.442565"/>
</kw>
<doc>Verify that clicking the valid highlight link navigates to the highlight detail page.</doc>
<status status="PASS" start="2025-02-25T03:06:00.357061" elapsed="24.503565"/>
</test>
<test id="s1-t2" name="Test Next Buttons" line="12">
<kw name="Open Web Page" owner="resource">
<kw name="Open Browser" owner="SeleniumLibrary">
<msg time="2025-02-25T03:06:24.862008" level="INFO">Opening browser 'Chrome' to base url 'http://127.0.0.1:8000/'.</msg>
<arg>${SERVER}</arg>
<arg>${BROWSER}</arg>
<doc>Opens a new browser instance to the optional ``url``.</doc>
<status status="PASS" start="2025-02-25T03:06:24.861839" elapsed="6.214694"/>
</kw>
<kw name="Maximize Browser Window" owner="SeleniumLibrary">
<doc>Maximizes current browser window.</doc>
<status status="PASS" start="2025-02-25T03:06:31.077535" elapsed="0.057642"/>
</kw>
<kw name="Sleep" owner="BuiltIn">
<msg time="2025-02-25T03:06:33.136144" level="INFO">Slept 2 seconds.</msg>
<arg>2s</arg>
<doc>Pauses the test executed for the given time.</doc>
<status status="PASS" start="2025-02-25T03:06:31.135427" elapsed="2.001064"/>
</kw>
<kw name="Wait Until Page Contains Element" owner="SeleniumLibrary">
<arg>${CAROUSEL_CONTAINER}</arg>
<arg>timeout=5s</arg>
<doc>Waits until the element ``locator`` appears on the current page.</doc>
<status status="PASS" start="2025-02-25T03:06:33.137009" elapsed="0.017635"/>
</kw>
<status status="PASS" start="2025-02-25T03:06:24.861620" elapsed="8.293147"/>
</kw>
<kw name="Store Initial Active Slide" owner="resource">
<kw name="Get Element Attribute" owner="SeleniumLibrary">
<msg time="2025-02-25T03:06:33.170665" level="INFO">${initial_id} = </msg>
<var>${initial_id}</var>
<arg>${ACTIVE_SLIDE}</arg>
<arg>id</arg>
<doc>Returns the value of ``attribute`` from the element ``locator``.</doc>
<status status="PASS" start="2025-02-25T03:06:33.155328" elapsed="0.015385"/>
</kw>
<kw name="Set Suite Variable" owner="BuiltIn">
<msg time="2025-02-25T03:06:33.171533" level="INFO">${INITIAL_ACTIVE_ID} = </msg>
<arg>${INITIAL_ACTIVE_ID}</arg>
<arg>${initial_id}</arg>
<doc>Makes a variable available everywhere within the scope of the current suite.</doc>
<status status="PASS" start="2025-02-25T03:06:33.170859" elapsed="0.000731"/>
</kw>
<doc>Store the id attribute of the active slide's link.</doc>
<status status="PASS" start="2025-02-25T03:06:33.155097" elapsed="0.016574"/>
</kw>
<kw name="Click Valid Next Button" owner="resource">
<kw name="Wait Until Element Is Visible" owner="SeleniumLibrary">
<arg>${NEXT_BUTTON}</arg>
<arg>timeout=5s</arg>
<doc>Waits until the element ``locator`` is visible.</doc>
<status status="PASS" start="2025-02-25T03:06:33.172276" elapsed="0.022818"/>
</kw>
<kw name="Click Button" owner="SeleniumLibrary">
<msg time="2025-02-25T03:06:33.195425" level="INFO">Clicking button 'xpath=//button[contains(@class, "carousel-control-next")]'.</msg>
<arg>${NEXT_BUTTON}</arg>
<doc>Clicks the button identified by ``locator``.</doc>
<status status="PASS" start="2025-02-25T03:06:33.195245" elapsed="0.081105"/>
</kw>
<kw name="Wait Until Keyword Succeeds" owner="BuiltIn">
<kw name="Active Slide Changed" owner="resource">
<kw name="Get Element Attribute" owner="SeleniumLibrary">
<msg time="2025-02-25T03:06:33.335224" level="INFO">${current_id} = highlightLink-1</msg>
<var>${current_id}</var>
<arg>${ACTIVE_LINK}</arg>
<arg>id</arg>
<doc>Returns the value of ``attribute`` from the element ``locator``.</doc>
<status status="PASS" start="2025-02-25T03:06:33.277065" elapsed="0.058199"/>
</kw>
<kw name="Should Not Be Equal" owner="BuiltIn">
<arg>${current_id}</arg>
<arg>${initial_id}</arg>
<arg>Error: Next and Prev button did not change the slide!</arg>
<doc>Fails if the given objects are equal.</doc>
<status status="PASS" start="2025-02-25T03:06:33.335433" elapsed="0.000273"/>
</kw>
<arg>${INITIAL_ACTIVE_ID}</arg>
<status status="PASS" start="2025-02-25T03:06:33.276796" elapsed="0.058991"/>
</kw>
<arg>3 times</arg>
<arg>1s</arg>
<arg>Active Slide Changed</arg>
<arg>${INITIAL_ACTIVE_ID}</arg>
<doc>Runs the specified keyword and retries if it fails.</doc>
<status status="PASS" start="2025-02-25T03:06:33.276555" elapsed="0.059412"/>
</kw>
<doc>Click the next button and verify the active slide changes.</doc>
<status status="PASS" start="2025-02-25T03:06:33.172015" elapsed="0.164022"/>
</kw>
<kw name="Close Browser Session" owner="resource">
<kw name="Close Browser" owner="SeleniumLibrary">
<doc>Closes the current browser.</doc>
<status status="PASS" start="2025-02-25T03:06:33.336666" elapsed="3.777211"/>
</kw>
<status status="PASS" start="2025-02-25T03:06:33.336353" elapsed="3.777639"/>
</kw>
<doc>Verify that clicking the next button changes the active slide.</doc>
<status status="PASS" start="2025-02-25T03:06:24.861248" elapsed="12.252986"/>
</test>
<test id="s1-t3" name="Test Prev Buttons" line="19">
<kw name="Open Web Page" owner="resource">
<kw name="Open Browser" owner="SeleniumLibrary">
<msg time="2025-02-25T03:06:37.115464" level="INFO">Opening browser 'Chrome' to base url 'http://127.0.0.1:8000/'.</msg>
<arg>${SERVER}</arg>
<arg>${BROWSER}</arg>
<doc>Opens a new browser instance to the optional ``url``.</doc>
<status status="PASS" start="2025-02-25T03:06:37.115298" elapsed="4.085370"/>
</kw>
<kw name="Maximize Browser Window" owner="SeleniumLibrary">
<doc>Maximizes current browser window.</doc>
<status status="PASS" start="2025-02-25T03:06:41.201356" elapsed="1.712734"/>
</kw>
<kw name="Sleep" owner="BuiltIn">
<msg time="2025-02-25T03:06:44.914834" level="INFO">Slept 2 seconds.</msg>
<arg>2s</arg>
<doc>Pauses the test executed for the given time.</doc>
<status status="PASS" start="2025-02-25T03:06:42.914357" elapsed="2.000581"/>
</kw>
<kw name="Wait Until Page Contains Element" owner="SeleniumLibrary">
<arg>${CAROUSEL_CONTAINER}</arg>
<arg>timeout=5s</arg>
<doc>Waits until the element ``locator`` appears on the current page.</doc>
<status status="PASS" start="2025-02-25T03:06:44.915083" elapsed="0.008478"/>
</kw>
<status status="PASS" start="2025-02-25T03:06:37.115072" elapsed="7.808590"/>
</kw>
<kw name="Store Initial Active Slide" owner="resource">
<kw name="Get Element Attribute" owner="SeleniumLibrary">
<msg time="2025-02-25T03:06:44.939978" level="INFO">${initial_id} = </msg>
<var>${initial_id}</var>
<arg>${ACTIVE_SLIDE}</arg>
<arg>id</arg>
<doc>Returns the value of ``attribute`` from the element ``locator``.</doc>
<status status="PASS" start="2025-02-25T03:06:44.924198" elapsed="0.015820"/>
</kw>
<kw name="Set Suite Variable" owner="BuiltIn">
<msg time="2025-02-25T03:06:44.940386" level="INFO">${INITIAL_ACTIVE_ID} = </msg>
<arg>${INITIAL_ACTIVE_ID}</arg>
<arg>${initial_id}</arg>
<doc>Makes a variable available everywhere within the scope of the current suite.</doc>
<status status="PASS" start="2025-02-25T03:06:44.940171" elapsed="0.000255"/>
</kw>
<doc>Store the id attribute of the active slide's link.</doc>
<status status="PASS" start="2025-02-25T03:06:44.923957" elapsed="0.016536"/>
</kw>
<kw name="Click Valid Prev Button" owner="resource">
<kw name="Wait Until Element Is Visible" owner="SeleniumLibrary">
<arg>${PREV_BUTTON}</arg>
<arg>timeout=5s</arg>
<doc>Waits until the element ``locator`` is visible.</doc>
<status status="PASS" start="2025-02-25T03:06:44.940930" elapsed="0.022065"/>
</kw>
<kw name="Click Button" owner="SeleniumLibrary">
<msg time="2025-02-25T03:06:44.963432" level="INFO">Clicking button 'xpath=//button[contains(@class, "carousel-control-prev")]'.</msg>
<arg>${PREV_BUTTON}</arg>
<doc>Clicks the button identified by ``locator``.</doc>
<status status="PASS" start="2025-02-25T03:06:44.963214" elapsed="0.075930"/>
</kw>
<kw name="Wait Until Keyword Succeeds" owner="BuiltIn">
<kw name="Active Slide Changed" owner="resource">
<kw name="Get Element Attribute" owner="SeleniumLibrary">
<msg time="2025-02-25T03:06:45.073499" level="INFO">${current_id} = highlightLink-1</msg>
<var>${current_id}</var>
<arg>${ACTIVE_LINK}</arg>
<arg>id</arg>
<doc>Returns the value of ``attribute`` from the element ``locator``.</doc>
<status status="PASS" start="2025-02-25T03:06:45.039848" elapsed="0.033693"/>
</kw>
<kw name="Should Not Be Equal" owner="BuiltIn">
<arg>${current_id}</arg>
<arg>${initial_id}</arg>
<arg>Error: Next and Prev button did not change the slide!</arg>
<doc>Fails if the given objects are equal.</doc>
<status status="PASS" start="2025-02-25T03:06:45.073711" elapsed="0.000265"/>
</kw>
<arg>${INITIAL_ACTIVE_ID}</arg>
<status status="PASS" start="2025-02-25T03:06:45.039580" elapsed="0.034484"/>
</kw>
<arg>3 times</arg>
<arg>1s</arg>
<arg>Active Slide Changed</arg>
<arg>${INITIAL_ACTIVE_ID}</arg>
<doc>Runs the specified keyword and retries if it fails.</doc>
<status status="PASS" start="2025-02-25T03:06:45.039302" elapsed="0.034811"/>
</kw>
<doc>Click the previous button and verify the active slide changes.</doc>
<status status="PASS" start="2025-02-25T03:06:44.940740" elapsed="0.133429"/>
</kw>
<kw name="Close Browser Session" owner="resource">
<kw name="Close Browser" owner="SeleniumLibrary">
<doc>Closes the current browser.</doc>
<status status="PASS" start="2025-02-25T03:06:45.074650" elapsed="3.253019"/>
</kw>
<status status="PASS" start="2025-02-25T03:06:45.074448" elapsed="3.253337"/>
</kw>
<doc>Verify that clicking the previous button changes the active slide.</doc>
<status status="PASS" start="2025-02-25T03:06:37.114704" elapsed="11.213334"/>
</test>
<status status="PASS" start="2025-02-25T03:06:00.080500" elapsed="48.248663"/>
</suite>
<statistics>
<total>
<stat pass="3" fail="0" skip="0">All Tests</stat>
</total>
<tag>
</tag>
<suite>
<stat pass="3" fail="0" skip="0" id="s1" name="Valid Banner">Valid Banner</stat>
</suite>
</statistics>
<errors>
</errors>
</robot>
