<?xml version="1.0" encoding="UTF-8"?>
<robot generator="Robot 7.1.1 (Python 3.13.1 on win32)" generated="2025-02-12T00:37:34.635687" rpa="false" schemaversion="5">
<suite id="s1" name="Invalid Highlight Test" source="D:\cs_year3_sem2\soften_pro\git-group-repository-group-5-sec-2\InitialProject\CS2564_46\TestScript\invalid_highlight_test.robot">
<test id="s1-t1" name="Test Invalid Highlight Paper Image Click" line="6">
<kw name="Open Web Page" owner="resource">
<kw name="Open Browser" owner="SeleniumLibrary">
<msg time="2025-02-12T00:37:34.972800" level="INFO">Opening browser 'Chrome' to base url 'http://127.0.0.1:8000/'.</msg>
<arg>${URL}</arg>
<arg>${BROWSER}</arg>
<doc>Opens a new browser instance to the optional ``url``.</doc>
<status status="PASS" start="2025-02-12T00:37:34.972573" elapsed="3.842593"/>
</kw>
<kw name="Maximize Browser Window" owner="SeleniumLibrary">
<doc>Maximizes current browser window.</doc>
<status status="PASS" start="2025-02-12T00:37:38.815518" elapsed="0.083758"/>
</kw>
<kw name="Sleep" owner="BuiltIn">
<msg time="2025-02-12T00:37:40.900384" level="INFO">Slept 2 seconds.</msg>
<arg>2s</arg>
<doc>Pauses the test executed for the given time.</doc>
<status status="PASS" start="2025-02-12T00:37:38.899694" elapsed="2.000871"/>
</kw>
<kw name="Wait Until Page Contains Element" owner="SeleniumLibrary">
<arg>${IMAGE}</arg>
<arg>timeout=5s</arg>
<doc>Waits until the element ``locator`` appears on the current page.</doc>
<status status="PASS" start="2025-02-12T00:37:40.900810" elapsed="0.047607"/>
</kw>
<status status="PASS" start="2025-02-12T00:37:34.971946" elapsed="5.976813"/>
</kw>
<kw name="Click Invalid Highlight Paper Image" owner="resource">
<kw name="Get Location" owner="SeleniumLibrary">
<msg time="2025-02-12T00:37:40.957659" level="INFO">${current_url} = http://127.0.0.1:8000/</msg>
<var>${current_url}</var>
<doc>Returns the current browser window URL.</doc>
<status status="PASS" start="2025-02-12T00:37:40.949885" elapsed="0.007859"/>
</kw>
<kw name="Click Element" owner="SeleniumLibrary">
<msg time="2025-02-12T00:37:40.958422" level="INFO">Clicking element '//img[contains(@class, 'hl-image')]'.</msg>
<arg>${IMAGE}</arg>
<doc>Click the element identified by ``locator``.</doc>
<status status="PASS" start="2025-02-12T00:37:40.958065" elapsed="0.313668"/>
</kw>
<kw name="Sleep" owner="BuiltIn">
<msg time="2025-02-12T00:37:43.272755" level="INFO">Slept 2 seconds.</msg>
<arg>2s</arg>
<doc>Pauses the test executed for the given time.</doc>
<status status="PASS" start="2025-02-12T00:37:41.272165" elapsed="2.000782"/>
</kw>
<kw name="Get Location" owner="SeleniumLibrary">
<msg time="2025-02-12T00:37:43.279799" level="INFO">${new_url} = http://127.0.0.1:8000/</msg>
<var>${new_url}</var>
<doc>Returns the current browser window URL.</doc>
<status status="PASS" start="2025-02-12T00:37:43.273250" elapsed="0.006593"/>
</kw>
<kw name="Should Be Equal" owner="BuiltIn">
<arg>${current_url}</arg>
<arg>${new_url}</arg>
<arg>Error: Image click should not change URL</arg>
<doc>Fails if the given objects are unequal.</doc>
<status status="PASS" start="2025-02-12T00:37:43.280017" elapsed="0.000277"/>
</kw>
<status status="PASS" start="2025-02-12T00:37:40.949407" elapsed="2.330976"/>
</kw>
<kw name="Close Browser" owner="SeleniumLibrary">
<doc>Closes the current browser.</doc>
<status status="PASS" start="2025-02-12T00:37:43.280681" elapsed="2.262838"/>
</kw>
<status status="PASS" start="2025-02-12T00:37:34.971194" elapsed="10.572705"/>
</test>
<test id="s1-t2" name="Test Invalid Author Name Click" line="11">
<kw name="Open Web Page" owner="resource">
<kw name="Open Browser" owner="SeleniumLibrary">
<msg time="2025-02-12T00:37:45.546023" level="INFO">Opening browser 'Chrome' to base url 'http://127.0.0.1:8000/'.</msg>
<arg>${URL}</arg>
<arg>${BROWSER}</arg>
<doc>Opens a new browser instance to the optional ``url``.</doc>
<status status="PASS" start="2025-02-12T00:37:45.545833" elapsed="3.497881"/>
</kw>
<kw name="Maximize Browser Window" owner="SeleniumLibrary">
<doc>Maximizes current browser window.</doc>
<status status="PASS" start="2025-02-12T00:37:49.044437" elapsed="0.101045"/>
</kw>
<kw name="Sleep" owner="BuiltIn">
<msg time="2025-02-12T00:37:51.146519" level="INFO">Slept 2 seconds.</msg>
<arg>2s</arg>
<doc>Pauses the test executed for the given time.</doc>
<status status="PASS" start="2025-02-12T00:37:49.145765" elapsed="2.000861"/>
</kw>
<kw name="Wait Until Page Contains Element" owner="SeleniumLibrary">
<arg>${IMAGE}</arg>
<arg>timeout=5s</arg>
<doc>Waits until the element ``locator`` appears on the current page.</doc>
<status status="PASS" start="2025-02-12T00:37:51.146790" elapsed="0.016702"/>
</kw>
<status status="PASS" start="2025-02-12T00:37:45.545550" elapsed="5.618052"/>
</kw>
<kw name="Click Invalid Author Name" owner="resource">
<kw name="Get Location" owner="SeleniumLibrary">
<msg time="2025-02-12T00:37:51.171048" level="INFO">${current_url} = http://127.0.0.1:8000/</msg>
<var>${current_url}</var>
<doc>Returns the current browser window URL.</doc>
<status status="PASS" start="2025-02-12T00:37:51.164156" elapsed="0.006939"/>
</kw>
<kw name="Click Element" owner="SeleniumLibrary">
<msg time="2025-02-12T00:37:51.171764" level="FAIL">Variable '${NON_CLICKABLE_AUTHOR}' not found.</msg>
<arg>${NON_CLICKABLE_AUTHOR}</arg>
<doc>Click the element identified by ``locator``.</doc>
<status status="FAIL" start="2025-02-12T00:37:51.171261" elapsed="0.000540">Variable '${NON_CLICKABLE_AUTHOR}' not found.</status>
</kw>
<kw name="Sleep" owner="BuiltIn">
<arg>2s</arg>
<doc>Pauses the test executed for the given time.</doc>
<status status="NOT RUN" start="2025-02-12T00:37:51.171905" elapsed="0.000023"/>
</kw>
<kw name="Get Location" owner="SeleniumLibrary">
<var>${new_url}</var>
<doc>Returns the current browser window URL.</doc>
<status status="NOT RUN" start="2025-02-12T00:37:51.172003" elapsed="0.000020"/>
</kw>
<kw name="Should Be Equal" owner="BuiltIn">
<arg>${current_url}</arg>
<arg>${new_url}</arg>
<arg>Error: Author name click should not change URL</arg>
<doc>Fails if the given objects are unequal.</doc>
<status status="NOT RUN" start="2025-02-12T00:37:51.172096" elapsed="0.000020"/>
</kw>
<status status="FAIL" start="2025-02-12T00:37:51.163928" elapsed="0.008289">Variable '${NON_CLICKABLE_AUTHOR}' not found.</status>
</kw>
<kw name="Close Browser" owner="SeleniumLibrary">
<doc>Closes the current browser.</doc>
<status status="NOT RUN" start="2025-02-12T00:37:51.172505" elapsed="0.000027"/>
</kw>
<status status="FAIL" start="2025-02-12T00:37:45.544952" elapsed="5.627818">Variable '${NON_CLICKABLE_AUTHOR}' not found.</status>
</test>
<test id="s1-t3" name="Test Invalid Next Button Click" line="16">
<kw name="Open Web Page" owner="resource">
<kw name="Open Browser" owner="SeleniumLibrary">
<msg time="2025-02-12T00:37:51.175645" level="INFO">Opening browser 'Chrome' to base url 'http://127.0.0.1:8000/'.</msg>
<arg>${URL}</arg>
<arg>${BROWSER}</arg>
<doc>Opens a new browser instance to the optional ``url``.</doc>
<status status="PASS" start="2025-02-12T00:37:51.175474" elapsed="3.373303"/>
</kw>
<kw name="Maximize Browser Window" owner="SeleniumLibrary">
<doc>Maximizes current browser window.</doc>
<status status="PASS" start="2025-02-12T00:37:54.549295" elapsed="0.088127"/>
</kw>
<kw name="Sleep" owner="BuiltIn">
<msg time="2025-02-12T00:37:56.638500" level="INFO">Slept 2 seconds.</msg>
<arg>2s</arg>
<doc>Pauses the test executed for the given time.</doc>
<status status="PASS" start="2025-02-12T00:37:54.637677" elapsed="2.001019"/>
</kw>
<kw name="Wait Until Page Contains Element" owner="SeleniumLibrary">
<arg>${IMAGE}</arg>
<arg>timeout=5s</arg>
<doc>Waits until the element ``locator`` appears on the current page.</doc>
<status status="PASS" start="2025-02-12T00:37:56.639014" elapsed="0.015398"/>
</kw>
<status status="PASS" start="2025-02-12T00:37:51.175232" elapsed="5.479305"/>
</kw>
<kw name="Click Invalid Next Button" owner="resource">
<kw name="Get WebElement" owner="SeleniumLibrary">
<msg time="2025-02-12T00:37:56.668036" level="INFO">${current_active} = &lt;selenium.webdriver.remote.webelement.WebElement (session="df7f45e5576de00581849ee9abbaf8d8", element="f.C9DEC8D18B93CE3B2B96DA9328B9ABDF.d.07B788EA62145C3F96AC6793D901FF74.e.49")&gt;</msg>
<var>${current_active}</var>
<arg>${ACTIVE_CAROUSEL}</arg>
<doc>Returns the first WebElement matching the given ``locator``.</doc>
<status status="PASS" start="2025-02-12T00:37:56.655305" elapsed="0.012783"/>
</kw>
<kw name="Click Button" owner="SeleniumLibrary">
<msg time="2025-02-12T00:37:56.668422" level="INFO">Clicking button 'xpath=//button[@class='carousel-control-next']'.</msg>
<arg>${NEXT_BUTTON}</arg>
<doc>Clicks the button identified by ``locator``.</doc>
<status status="PASS" start="2025-02-12T00:37:56.668239" elapsed="0.147758"/>
</kw>
<kw name="Sleep" owner="BuiltIn">
<msg time="2025-02-12T00:37:58.817159" level="INFO">Slept 2 seconds.</msg>
<arg>2s</arg>
<doc>Pauses the test executed for the given time.</doc>
<status status="PASS" start="2025-02-12T00:37:56.816299" elapsed="2.001066"/>
</kw>
<kw name="Get WebElement" owner="SeleniumLibrary">
<msg time="2025-02-12T00:37:58.829262" level="INFO">${new_active} = &lt;selenium.webdriver.remote.webelement.WebElement (session="df7f45e5576de00581849ee9abbaf8d8", element="f.C9DEC8D18B93CE3B2B96DA9328B9ABDF.d.07B788EA62145C3F96AC6793D901FF74.e.51")&gt;</msg>
<var>${new_active}</var>
<arg>${ACTIVE_CAROUSEL}</arg>
<doc>Returns the first WebElement matching the given ``locator``.</doc>
<status status="PASS" start="2025-02-12T00:37:58.817697" elapsed="0.011606"/>
</kw>
<kw name="Should Be Equal" owner="BuiltIn">
<msg time="2025-02-12T00:37:58.830150" level="FAIL">Error: Next button should not change the slide!: &lt;selenium.webdriver.remote.webelement.WebElement (session="df7f45e5576de00581849ee9abbaf8d8", element="f.C9DEC8D18B93CE3B2B96DA9328B9ABDF.d.07B788EA62145C3F96AC6793D901FF74.e.49")&gt; != &lt;selenium.webdriver.remote.webelement.WebElement (session="df7f45e5576de00581849ee9abbaf8d8", element="f.C9DEC8D18B93CE3B2B96DA9328B9ABDF.d.07B788EA62145C3F96AC6793D901FF74.e.51")&gt;</msg>
<arg>${current_active}</arg>
<arg>${new_active}</arg>
<arg>Error: Next button should not change the slide!</arg>
<doc>Fails if the given objects are unequal.</doc>
<status status="FAIL" start="2025-02-12T00:37:58.829476" elapsed="0.000901">Error: Next button should not change the slide!: &lt;selenium.webdriver.remote.webelement.WebElement (session="df7f45e5576de00581849ee9abbaf8d8", element="f.C9DEC8D18B93CE3B2B96DA9328B9ABDF.d.07B788EA62145C3F96AC6793D901FF74.e.49")&gt; != &lt;selenium.webdriver.remote.webelement.WebElement (session="df7f45e5576de00581849ee9abbaf8d8", element="f.C9DEC8D18B93CE3B2B96DA9328B9ABDF.d.07B788EA62145C3F96AC6793D901FF74.e.51")&gt;</status>
</kw>
<status status="FAIL" start="2025-02-12T00:37:56.654990" elapsed="2.175547">Error: Next button should not change the slide!: &lt;selenium.webdriver.remote.webelement.WebElement (session="df7f45e5576de00581849ee9abbaf8d8", element="f.C9DEC8D18B93CE3B2B96DA9328B9ABDF.d.07B788EA62145C3F96AC6793D901FF74.e.49")&gt; != &lt;selenium.webdriver.remote.webelement.WebElement (session="df7f45e5576de00581849ee9abbaf8d8", element="f.C9DEC8D18B93CE3B2B96DA9328B9ABDF.d.07B788EA62145C3F96AC6793D901FF74.e.51")&gt;</status>
</kw>
<kw name="Close Browser" owner="SeleniumLibrary">
<doc>Closes the current browser.</doc>
<status status="NOT RUN" start="2025-02-12T00:37:58.830888" elapsed="0.000036"/>
</kw>
<status status="FAIL" start="2025-02-12T00:37:51.174812" elapsed="7.656341">Error: Next button should not change the slide!: &lt;selenium.webdriver.remote.webelement.WebElement (session="df7f45e5576de00581849ee9abbaf8d8", element="f.C9DEC8D18B93CE3B2B96DA9328B9ABDF.d.07B788EA62145C3F96AC6793D901FF74.e.49")&gt; != &lt;selenium.webdriver.remote.webelement.WebElement (session="df7f45e5576de00581849ee9abbaf8d8", element="f.C9DEC8D18B93CE3B2B96DA9328B9ABDF.d.07B788EA62145C3F96AC6793D901FF74.e.51")&gt;</status>
</test>
<test id="s1-t4" name="Test Invalid Prev Button Click" line="21">
<kw name="Open Web Page" owner="resource">
<kw name="Open Browser" owner="SeleniumLibrary">
<msg time="2025-02-12T00:37:58.833034" level="INFO">Opening browser 'Chrome' to base url 'http://127.0.0.1:8000/'.</msg>
<arg>${URL}</arg>
<arg>${BROWSER}</arg>
<doc>Opens a new browser instance to the optional ``url``.</doc>
<status status="PASS" start="2025-02-12T00:37:58.832859" elapsed="3.687514"/>
</kw>
<kw name="Maximize Browser Window" owner="SeleniumLibrary">
<doc>Maximizes current browser window.</doc>
<status status="PASS" start="2025-02-12T00:38:02.521097" elapsed="0.146596"/>
</kw>
<kw name="Sleep" owner="BuiltIn">
<msg time="2025-02-12T00:38:04.669359" level="INFO">Slept 2 seconds.</msg>
<arg>2s</arg>
<doc>Pauses the test executed for the given time.</doc>
<status status="PASS" start="2025-02-12T00:38:02.668248" elapsed="2.001344"/>
</kw>
<kw name="Wait Until Page Contains Element" owner="SeleniumLibrary">
<arg>${IMAGE}</arg>
<arg>timeout=5s</arg>
<doc>Waits until the element ``locator`` appears on the current page.</doc>
<status status="PASS" start="2025-02-12T00:38:04.669935" elapsed="0.018922"/>
</kw>
<status status="PASS" start="2025-02-12T00:37:58.832571" elapsed="5.856484"/>
</kw>
<kw name="Click Invalid Prev Button" owner="resource">
<kw name="Get WebElement" owner="SeleniumLibrary">
<msg time="2025-02-12T00:38:04.708938" level="INFO">${current_active} = &lt;selenium.webdriver.remote.webelement.WebElement (session="11aec7550221c7f9721d017d4323fee4", element="f.7768D5A4AB003F1ECFA658B4302526D0.d.4A7FB06C1D9747AD6788CE6B0F27617B.e.49")&gt;</msg>
<var>${current_active}</var>
<arg>${ACTIVE_CAROUSEL}</arg>
<doc>Returns the first WebElement matching the given ``locator``.</doc>
<status status="PASS" start="2025-02-12T00:38:04.690292" elapsed="0.018711"/>
</kw>
<kw name="Click Button" owner="SeleniumLibrary">
<msg time="2025-02-12T00:38:04.709883" level="INFO">Clicking button 'xpath=//button[@class='carousel-control-prev']'.</msg>
<arg>${PREV_BUTTON}</arg>
<doc>Clicks the button identified by ``locator``.</doc>
<status status="PASS" start="2025-02-12T00:38:04.709332" elapsed="0.131984"/>
</kw>
<kw name="Sleep" owner="BuiltIn">
<msg time="2025-02-12T00:38:06.842288" level="INFO">Slept 2 seconds.</msg>
<arg>2s</arg>
<doc>Pauses the test executed for the given time.</doc>
<status status="PASS" start="2025-02-12T00:38:04.841627" elapsed="2.000832"/>
</kw>
<kw name="Get WebElement" owner="SeleniumLibrary">
<msg time="2025-02-12T00:38:06.853481" level="INFO">${new_active} = &lt;selenium.webdriver.remote.webelement.WebElement (session="11aec7550221c7f9721d017d4323fee4", element="f.7768D5A4AB003F1ECFA658B4302526D0.d.4A7FB06C1D9747AD6788CE6B0F27617B.e.51")&gt;</msg>
<var>${new_active}</var>
<arg>${ACTIVE_CAROUSEL}</arg>
<doc>Returns the first WebElement matching the given ``locator``.</doc>
<status status="PASS" start="2025-02-12T00:38:06.842785" elapsed="0.010740"/>
</kw>
<kw name="Should Be Equal" owner="BuiltIn">
<msg time="2025-02-12T00:38:06.853920" level="FAIL">Error: Prev button should not change the slide!: &lt;selenium.webdriver.remote.webelement.WebElement (session="11aec7550221c7f9721d017d4323fee4", element="f.7768D5A4AB003F1ECFA658B4302526D0.d.4A7FB06C1D9747AD6788CE6B0F27617B.e.49")&gt; != &lt;selenium.webdriver.remote.webelement.WebElement (session="11aec7550221c7f9721d017d4323fee4", element="f.7768D5A4AB003F1ECFA658B4302526D0.d.4A7FB06C1D9747AD6788CE6B0F27617B.e.51")&gt;</msg>
<arg>${current_active}</arg>
<arg>${new_active}</arg>
<arg>Error: Prev button should not change the slide!</arg>
<doc>Fails if the given objects are unequal.</doc>
<status status="FAIL" start="2025-02-12T00:38:06.853669" elapsed="0.000332">Error: Prev button should not change the slide!: &lt;selenium.webdriver.remote.webelement.WebElement (session="11aec7550221c7f9721d017d4323fee4", element="f.7768D5A4AB003F1ECFA658B4302526D0.d.4A7FB06C1D9747AD6788CE6B0F27617B.e.49")&gt; != &lt;selenium.webdriver.remote.webelement.WebElement (session="11aec7550221c7f9721d017d4323fee4", element="f.7768D5A4AB003F1ECFA658B4302526D0.d.4A7FB06C1D9747AD6788CE6B0F27617B.e.51")&gt;</status>
</kw>
<status status="FAIL" start="2025-02-12T00:38:04.689707" elapsed="2.164562">Error: Prev button should not change the slide!: &lt;selenium.webdriver.remote.webelement.WebElement (session="11aec7550221c7f9721d017d4323fee4", element="f.7768D5A4AB003F1ECFA658B4302526D0.d.4A7FB06C1D9747AD6788CE6B0F27617B.e.49")&gt; != &lt;selenium.webdriver.remote.webelement.WebElement (session="11aec7550221c7f9721d017d4323fee4", element="f.7768D5A4AB003F1ECFA658B4302526D0.d.4A7FB06C1D9747AD6788CE6B0F27617B.e.51")&gt;</status>
</kw>
<kw name="Close Browser" owner="SeleniumLibrary">
<doc>Closes the current browser.</doc>
<status status="NOT RUN" start="2025-02-12T00:38:06.854612" elapsed="0.000036"/>
</kw>
<status status="FAIL" start="2025-02-12T00:37:58.832104" elapsed="8.022794">Error: Prev button should not change the slide!: &lt;selenium.webdriver.remote.webelement.WebElement (session="11aec7550221c7f9721d017d4323fee4", element="f.7768D5A4AB003F1ECFA658B4302526D0.d.4A7FB06C1D9747AD6788CE6B0F27617B.e.49")&gt; != &lt;selenium.webdriver.remote.webelement.WebElement (session="11aec7550221c7f9721d017d4323fee4", element="f.7768D5A4AB003F1ECFA658B4302526D0.d.4A7FB06C1D9747AD6788CE6B0F27617B.e.51")&gt;</status>
</test>
<status status="FAIL" start="2025-02-12T00:37:34.637225" elapsed="32.219350"/>
</suite>
<statistics>
<total>
<stat pass="1" fail="3" skip="0">All Tests</stat>
</total>
<tag>
</tag>
<suite>
<stat pass="1" fail="3" skip="0" id="s1" name="Invalid Highlight Test">Invalid Highlight Test</stat>
</suite>
</statistics>
<errors>
</errors>
</robot>
