<?xml version="1.0" encoding="UTF-8"?>
<robot generator="Robot 7.1.1 (Python 3.11.9 on win32)" generated="2025-02-09T04:32:45.826356" rpa="false" schemaversion="5">
<suite id="s1" name="Delete Highlight" source="C:\Users\User\Desktop\TestScript\delete_highlight.robot">
<test id="s1-t1" name="Login" line="10">
<kw name="Open Browser To Login Page" owner="resource">
<kw name="Open Browser" owner="SeleniumLibrary">
<msg time="2025-02-09T04:32:46.191508" level="INFO">Opening browser 'Chrome' to base url 'http://127.0.0.1:8000/login'.</msg>
<arg>${LOGIN URL}</arg>
<arg>${BROWSER}</arg>
<doc>Opens a new browser instance to the optional ``url``.</doc>
<status status="PASS" start="2025-02-09T04:32:46.191508" elapsed="2.173527"/>
</kw>
<kw name="Maximize Browser Window" owner="SeleniumLibrary">
<doc>Maximizes current browser window.</doc>
<status status="PASS" start="2025-02-09T04:32:48.365573" elapsed="0.043650"/>
</kw>
<kw name="Set Selenium Speed" owner="SeleniumLibrary">
<arg>${DELAY}</arg>
<doc>Sets the delay that is waited after each Selenium command.</doc>
<status status="PASS" start="2025-02-09T04:32:48.409223" elapsed="0.000825"/>
</kw>
<kw name="Title Should Be" owner="SeleniumLibrary">
<msg time="2025-02-09T04:32:48.520661" level="INFO">Page title is 'Login'.</msg>
<arg>Login</arg>
<doc>Verifies that the current page title equals ``title``.</doc>
<status status="PASS" start="2025-02-09T04:32:48.410048" elapsed="0.111769"/>
</kw>
<status status="PASS" start="2025-02-09T04:32:46.189481" elapsed="2.333150"/>
</kw>
<kw name="Input Username" owner="resource">
<kw name="Input Text" owner="SeleniumLibrary">
<msg time="2025-02-09T04:32:48.524998" level="INFO">Typing text 'admin@gmail.com' into text field 'id:username'.</msg>
<arg>id:username</arg>
<arg>${username}</arg>
<doc>Types the given ``text`` into the text field identified by ``locator``.</doc>
<status status="PASS" start="2025-02-09T04:32:48.524488" elapsed="0.603759"/>
</kw>
<arg>${USERNAME}</arg>
<status status="PASS" start="2025-02-09T04:32:48.523897" elapsed="0.604350"/>
</kw>
<kw name="Input Password" owner="resource">
<kw name="Input Text" owner="SeleniumLibrary">
<msg time="2025-02-09T04:32:49.130267" level="INFO">Typing text '12345678' into text field 'id:password'.</msg>
<arg>id:password</arg>
<arg>${password}</arg>
<doc>Types the given ``text`` into the text field identified by ``locator``.</doc>
<status status="PASS" start="2025-02-09T04:32:49.130267" elapsed="0.525241"/>
</kw>
<arg>${PASSWORD}</arg>
<status status="PASS" start="2025-02-09T04:32:49.129254" elapsed="0.526254"/>
</kw>
<kw name="Submit Credentials" owner="resource">
<kw name="Click Button" owner="SeleniumLibrary">
<msg time="2025-02-09T04:32:49.656711" level="INFO">Clicking button 'id:login-button'.</msg>
<arg>id:login-button</arg>
<doc>Clicks the button identified by ``locator``.</doc>
<status status="PASS" start="2025-02-09T04:32:49.656711" elapsed="2.222128"/>
</kw>
<status status="PASS" start="2025-02-09T04:32:49.656711" elapsed="2.222128"/>
</kw>
<status status="PASS" start="2025-02-09T04:32:46.188583" elapsed="5.690256"/>
</test>
<test id="s1-t2" name="Delete Highlight" line="16">
<kw name="Go To Highlight Setting Page" owner="resource">
<kw name="Scroll Element Into View" owner="SeleniumLibrary">
<arg>xpath=//span[text()='Highlight Setting']</arg>
<doc>Scrolls the element identified by ``locator`` into view.</doc>
<status status="PASS" start="2025-02-09T04:32:51.882889" elapsed="0.536765"/>
</kw>
<kw name="Click Element" owner="SeleniumLibrary">
<msg time="2025-02-09T04:32:52.420671" level="INFO">Clicking element 'xpath=//span[text()='Highlight Setting']'.</msg>
<arg>xpath=//span[text()='Highlight Setting']</arg>
<doc>Click the element identified by ``locator``.</doc>
<status status="PASS" start="2025-02-09T04:32:52.419654" elapsed="2.021582"/>
</kw>
<status status="PASS" start="2025-02-09T04:32:51.882889" elapsed="2.558853"/>
</kw>
<kw name="Click Delete Highlight Button">
<kw name="Click Button" owner="SeleniumLibrary">
<msg time="2025-02-09T04:32:54.442751" level="INFO">Clicking button 'xpath=//button[text()='Delete']'.</msg>
<arg>xpath=//button[text()='Delete']</arg>
<doc>Clicks the button identified by ``locator``.</doc>
<status status="PASS" start="2025-02-09T04:32:54.442751" elapsed="3.553810"/>
</kw>
<status status="PASS" start="2025-02-09T04:32:54.441742" elapsed="3.554819"/>
</kw>
<kw name="Sleep" owner="BuiltIn">
<msg time="2025-02-09T04:33:00.998270" level="INFO">Slept 3 seconds.</msg>
<arg>3s</arg>
<doc>Pauses the test executed for the given time.</doc>
<status status="PASS" start="2025-02-09T04:32:57.997842" elapsed="3.000428"/>
</kw>
<kw name="Close Browser" owner="SeleniumLibrary" type="TEARDOWN">
<doc>Closes the current browser.</doc>
<status status="PASS" start="2025-02-09T04:33:00.999347" elapsed="2.339916"/>
</kw>
<status status="PASS" start="2025-02-09T04:32:51.881889" elapsed="11.458283"/>
</test>
<doc>This is a test suite for deleting a highlight</doc>
<status status="PASS" start="2025-02-09T04:32:45.828693" elapsed="17.513282"/>
</suite>
<statistics>
<total>
<stat pass="2" fail="0" skip="0">All Tests</stat>
</total>
<tag>
</tag>
<suite>
<stat pass="2" fail="0" skip="0" id="s1" name="Delete Highlight">Delete Highlight</stat>
</suite>
</statistics>
<errors>
</errors>
</robot>
