<?xml version="1.0" encoding="UTF-8"?>
<robot generator="Robot 7.1.1 (Python 3.11.9 on win32)" generated="2025-02-09T18:22:11.372666" rpa="false" schemaversion="5">
<suite id="s1" name="Delete Highlight" source="C:\Users\User\Desktop\TestScript\delete_highlight.robot">
<test id="s1-t1" name="Login" line="10">
<kw name="Open Browser To Login Page" owner="resource">
<kw name="Open Browser" owner="SeleniumLibrary">
<msg time="2025-02-09T18:22:11.643139" level="INFO">Opening browser 'Chrome' to base url 'http://127.0.0.1:8000/login'.</msg>
<arg>${LOGIN URL}</arg>
<arg>${BROWSER}</arg>
<doc>Opens a new browser instance to the optional ``url``.</doc>
<status status="PASS" start="2025-02-09T18:22:11.643139" elapsed="2.026735"/>
</kw>
<kw name="Maximize Browser Window" owner="SeleniumLibrary">
<doc>Maximizes current browser window.</doc>
<status status="PASS" start="2025-02-09T18:22:13.669874" elapsed="0.039104"/>
</kw>
<kw name="Set Selenium Speed" owner="SeleniumLibrary">
<arg>${DELAY}</arg>
<doc>Sets the delay that is waited after each Selenium command.</doc>
<status status="PASS" start="2025-02-09T18:22:13.708978" elapsed="0.000630"/>
</kw>
<kw name="Title Should Be" owner="SeleniumLibrary">
<msg time="2025-02-09T18:22:13.827983" level="INFO">Page title is 'Login'.</msg>
<arg>Login</arg>
<doc>Verifies that the current page title equals ``title``.</doc>
<status status="PASS" start="2025-02-09T18:22:13.709608" elapsed="0.118375"/>
</kw>
<status status="PASS" start="2025-02-09T18:22:11.642590" elapsed="2.185393"/>
</kw>
<kw name="Input Username" owner="resource">
<kw name="Input Text" owner="SeleniumLibrary">
<msg time="2025-02-09T18:22:13.830445" level="INFO">Typing text 'staff@gmail.com' into text field 'id:username'.</msg>
<arg>id:username</arg>
<arg>${username}</arg>
<doc>Types the given ``text`` into the text field identified by ``locator``.</doc>
<status status="PASS" start="2025-02-09T18:22:13.829430" elapsed="0.560965"/>
</kw>
<arg>${USERNAME}</arg>
<status status="PASS" start="2025-02-09T18:22:13.827983" elapsed="0.562412"/>
</kw>
<kw name="Input Password" owner="resource">
<kw name="Input Text" owner="SeleniumLibrary">
<msg time="2025-02-09T18:22:14.391400" level="INFO">Typing text '123456789' into text field 'id:password'.</msg>
<arg>id:password</arg>
<arg>${password}</arg>
<doc>Types the given ``text`` into the text field identified by ``locator``.</doc>
<status status="PASS" start="2025-02-09T18:22:14.391400" elapsed="0.495920"/>
</kw>
<arg>${PASSWORD}</arg>
<status status="PASS" start="2025-02-09T18:22:14.391400" elapsed="0.495920"/>
</kw>
<kw name="Submit Credentials" owner="resource">
<kw name="Click Button" owner="SeleniumLibrary">
<msg time="2025-02-09T18:22:14.888475" level="INFO">Clicking button 'xpath=//button[@type='submit']'.</msg>
<arg>xpath=//button[@type='submit']</arg>
<doc>Clicks the button identified by ``locator``.</doc>
<status status="PASS" start="2025-02-09T18:22:14.888475" elapsed="2.247770"/>
</kw>
<status status="PASS" start="2025-02-09T18:22:14.887320" elapsed="2.249433"/>
</kw>
<status status="PASS" start="2025-02-09T18:22:11.641516" elapsed="5.495237"/>
</test>
<test id="s1-t2" name="Delete Highlight" line="16">
<kw name="Go To Highlight Setting Page" owner="resource">
<kw name="Scroll Element Into View" owner="SeleniumLibrary">
<arg>xpath=//span[text()='Highlight Setting']</arg>
<doc>Scrolls the element identified by ``locator`` into view.</doc>
<status status="PASS" start="2025-02-09T18:22:17.140312" elapsed="0.518276"/>
</kw>
<kw name="Click Element" owner="SeleniumLibrary">
<msg time="2025-02-09T18:22:17.659892" level="INFO">Clicking element 'xpath=//span[text()='Highlight Setting']'.</msg>
<arg>xpath=//span[text()='Highlight Setting']</arg>
<doc>Click the element identified by ``locator``.</doc>
<status status="PASS" start="2025-02-09T18:22:17.658588" elapsed="3.035842"/>
</kw>
<status status="PASS" start="2025-02-09T18:22:17.140312" elapsed="3.554626"/>
</kw>
<kw name="Click Delete Highlight Button">
<kw name="Click Button" owner="SeleniumLibrary">
<msg time="2025-02-09T18:22:20.696945" level="INFO">Clicking button 'xpath=//button[text()='Delete']'.</msg>
<arg>xpath=//button[text()='Delete']</arg>
<doc>Clicks the button identified by ``locator``.</doc>
<status status="PASS" start="2025-02-09T18:22:20.695945" elapsed="5.278208"/>
</kw>
<status status="PASS" start="2025-02-09T18:22:20.694938" elapsed="5.279215"/>
</kw>
<kw name="Sleep" owner="BuiltIn">
<msg time="2025-02-09T18:22:28.975886" level="INFO">Slept 3 seconds.</msg>
<arg>3s</arg>
<doc>Pauses the test executed for the given time.</doc>
<status status="PASS" start="2025-02-09T18:22:25.974153" elapsed="3.002244"/>
</kw>
<kw name="Close Browser" owner="SeleniumLibrary" type="TEARDOWN">
<doc>Closes the current browser.</doc>
<status status="PASS" start="2025-02-09T18:22:28.976726" elapsed="2.330440"/>
</kw>
<status status="PASS" start="2025-02-09T18:22:17.138303" elapsed="14.169857"/>
</test>
<doc>This is a test suite for deleting a highlight</doc>
<status status="PASS" start="2025-02-09T18:22:11.374671" elapsed="19.936491"/>
</suite>
<statistics>
<total>
<stat pass="2" fail="0" skip="0">All Tests</stat>
</total>
<tag>
</tag>
<suite>
<stat pass="2" fail="0" skip="0" id="s1" name="Delete Highlight">Delete Highlight</stat>
</suite>
</statistics>
<errors>
</errors>
</robot>
