<?xml version="1.0" encoding="UTF-8"?>
<robot generator="Robot 7.1.1 (Python 3.11.9 on win32)" generated="2025-02-11T17:57:51.548069" rpa="false" schemaversion="5">
<suite id="s1" name="Invalid Edit Highlight" source="C:\Users\User\Desktop\TestScript\invalid_edit_highlight.robot">
<test id="s1-t1" name="Login" line="15">
<kw name="Open Browser To Login Page" owner="resource">
<kw name="Open Browser" owner="SeleniumLibrary">
<msg time="2025-02-11T17:57:51.837804" level="INFO">Opening browser 'Chrome' to base url 'http://127.0.0.1:8000/login'.</msg>
<arg>${LOGIN URL}</arg>
<arg>${BROWSER}</arg>
<doc>Opens a new browser instance to the optional ``url``.</doc>
<status status="PASS" start="2025-02-11T17:57:51.837804" elapsed="2.169072"/>
</kw>
<kw name="Maximize Browser Window" owner="SeleniumLibrary">
<doc>Maximizes current browser window.</doc>
<status status="PASS" start="2025-02-11T17:57:54.007976" elapsed="0.131064"/>
</kw>
<kw name="Set Selenium Speed" owner="SeleniumLibrary">
<arg>${DELAY}</arg>
<doc>Sets the delay that is waited after each Selenium command.</doc>
<status status="PASS" start="2025-02-11T17:57:54.139040" elapsed="0.000000"/>
</kw>
<kw name="Title Should Be" owner="SeleniumLibrary">
<msg time="2025-02-11T17:57:54.254647" level="INFO">Page title is 'Login'.</msg>
<arg>Login</arg>
<doc>Verifies that the current page title equals ``title``.</doc>
<status status="PASS" start="2025-02-11T17:57:54.139040" elapsed="0.115607"/>
</kw>
<status status="PASS" start="2025-02-11T17:57:51.836803" elapsed="2.417844"/>
</kw>
<kw name="Input Username" owner="resource">
<kw name="Input Text" owner="SeleniumLibrary">
<msg time="2025-02-11T17:57:54.256766" level="INFO">Typing text 'staff@gmail.com' into text field 'id:username'.</msg>
<arg>id:username</arg>
<arg>${username}</arg>
<doc>Types the given ``text`` into the text field identified by ``locator``.</doc>
<status status="PASS" start="2025-02-11T17:57:54.255768" elapsed="0.486696"/>
</kw>
<arg>${USERNAME}</arg>
<status status="PASS" start="2025-02-11T17:57:54.255768" elapsed="0.486696"/>
</kw>
<kw name="Input Password" owner="resource">
<kw name="Input Text" owner="SeleniumLibrary">
<msg time="2025-02-11T17:57:54.743793" level="INFO">Typing text '123456789' into text field 'id:password'.</msg>
<arg>id:password</arg>
<arg>${password}</arg>
<doc>Types the given ``text`` into the text field identified by ``locator``.</doc>
<status status="PASS" start="2025-02-11T17:57:54.742464" elapsed="0.495146"/>
</kw>
<arg>${PASSWORD}</arg>
<status status="PASS" start="2025-02-11T17:57:54.742464" elapsed="0.495732"/>
</kw>
<kw name="Submit Credentials" owner="resource">
<kw name="Click Button" owner="SeleniumLibrary">
<msg time="2025-02-11T17:57:55.239266" level="INFO">Clicking button 'xpath=//button[@type='submit']'.</msg>
<arg>xpath=//button[@type='submit']</arg>
<doc>Clicks the button identified by ``locator``.</doc>
<status status="PASS" start="2025-02-11T17:57:55.239266" elapsed="3.462531"/>
</kw>
<kw name="Title Should Be" owner="SeleniumLibrary">
<msg time="2025-02-11T17:57:58.808801" level="INFO">Page title is 'Dashboard'.</msg>
<arg>Dashboard</arg>
<doc>Verifies that the current page title equals ``title``.</doc>
<status status="PASS" start="2025-02-11T17:57:58.701797" elapsed="0.107004"/>
</kw>
<status status="PASS" start="2025-02-11T17:57:55.238759" elapsed="3.570042"/>
</kw>
<status status="PASS" start="2025-02-11T17:57:51.835804" elapsed="6.974170"/>
</test>
<test id="s1-t2" name="Go To Edit Highlight Page" line="21">
<kw name="Go To Highlight Setting Page" owner="resource">
<kw name="Scroll Element Into View" owner="SeleniumLibrary">
<arg>xpath=//span[text()='Highlight Setting']</arg>
<doc>Scrolls the element identified by ``locator`` into view.</doc>
<status status="PASS" start="2025-02-11T17:57:58.815371" elapsed="0.523056"/>
</kw>
<kw name="Click Element" owner="SeleniumLibrary">
<msg time="2025-02-11T17:57:59.339446" level="INFO">Clicking element 'xpath=//span[text()='Highlight Setting']'.</msg>
<arg>xpath=//span[text()='Highlight Setting']</arg>
<doc>Click the element identified by ``locator``.</doc>
<status status="PASS" start="2025-02-11T17:57:59.338427" elapsed="1.240539"/>
</kw>
<kw name="Title Should Be" owner="SeleniumLibrary">
<msg time="2025-02-11T17:58:00.694003" level="INFO">Page title is 'Highlight Papers'.</msg>
<arg>Highlight Papers</arg>
<doc>Verifies that the current page title equals ``title``.</doc>
<status status="PASS" start="2025-02-11T17:58:00.579477" elapsed="0.114526"/>
</kw>
<status status="PASS" start="2025-02-11T17:57:58.815371" elapsed="1.878632"/>
</kw>
<kw name="Click Edit Highlight Button">
<kw name="Scroll Element Into View" owner="SeleniumLibrary">
<arg>xpath=//tbody/tr[${row}]//a[@class='btn btn-warning btn-sm']</arg>
<doc>Scrolls the element identified by ``locator`` into view.</doc>
<status status="PASS" start="2025-02-11T17:58:00.695971" elapsed="0.531405"/>
</kw>
<kw name="Click Link" owner="SeleniumLibrary">
<msg time="2025-02-11T17:58:01.228395" level="INFO">Clicking link 'xpath=//tbody/tr[1]//a[@class='btn btn-warning btn-sm']'.</msg>
<arg>xpath=//tbody/tr[${row}]//a[@class='btn btn-warning btn-sm']</arg>
<doc>Clicks a link identified by ``locator``.</doc>
<status status="PASS" start="2025-02-11T17:58:01.227376" elapsed="1.151440"/>
</kw>
<kw name="Title Should Be" owner="SeleniumLibrary">
<msg time="2025-02-11T17:58:02.498725" level="INFO">Page title is 'Edit Highlight Paper'.</msg>
<arg>Edit Highlight Paper</arg>
<doc>Verifies that the current page title equals ``title``.</doc>
<status status="PASS" start="2025-02-11T17:58:02.378816" elapsed="0.119909"/>
</kw>
<status status="PASS" start="2025-02-11T17:58:00.694913" elapsed="1.803812"/>
</kw>
<status status="PASS" start="2025-02-11T17:57:58.814372" elapsed="3.685794"/>
</test>
<test id="s1-t3" name="Title Can Not Be Null" line="25">
<kw name="Fill Highlight Form With Validation">
<kw name="Input Text" owner="SeleniumLibrary">
<msg time="2025-02-11T17:58:02.504524" level="INFO">Typing text '' into text field 'xpath=//input[@name='title']'.</msg>
<arg>xpath=//input[@name='title']</arg>
<arg>${TITLE}</arg>
<doc>Types the given ``text`` into the text field identified by ``locator``.</doc>
<status status="PASS" start="2025-02-11T17:58:02.504524" elapsed="0.489358"/>
</kw>
<kw name="Input Text" owner="SeleniumLibrary">
<msg time="2025-02-11T17:58:02.994979" level="INFO">Typing text 'วิทยาลัยการคอมพิวเตอร์ มหาวิทยาลัยขอนแก่น ขอแสดงความยินดีกับ ศ. ดร.จักรชัย โสอินทร์ อ. ดร.ญานิกา คงโสรส อ. ดร.เพชร อิ่มทองคำ และ Mr.Chenset Kim เนื่องในโอกาสที่บทความวิจัยได้รับการตีพิมพ์ในวารสารวิชาการระดับนานาชาติ จำนวน 1 บทความวิจัย' into text field 'xpath=//textarea[@name='description']'.</msg>
<arg>xpath=//textarea[@name='description']</arg>
<arg>${DESCRIPTION}</arg>
<doc>Types the given ``text`` into the text field identified by ``locator``.</doc>
<status status="PASS" start="2025-02-11T17:58:02.994473" elapsed="1.422629"/>
</kw>
<kw name="Choose File" owner="SeleniumLibrary">
<msg time="2025-02-11T17:58:04.418119" level="INFO">Sending C:\Users\User\Desktop\TestScript\highlight2.png to browser.</msg>
<arg>xpath=//input[@name='picture']</arg>
<arg>${PICTURE_PATH}</arg>
<doc>Inputs the ``file_path`` into the file input field ``locator``.</doc>
<status status="PASS" start="2025-02-11T17:58:04.418119" elapsed="0.264694"/>
</kw>
<kw name="Select From List By Value" owner="SeleniumLibrary">
<msg time="2025-02-11T17:58:04.684337" level="INFO">Selecting options from selection list 'xpath=//select[@name='paper_id']' by value 5.</msg>
<arg>xpath=//select[@name='paper_id']</arg>
<arg>${PAPER_ID}</arg>
<doc>Selects options from selection list ``locator`` by ``values``.</doc>
<status status="PASS" start="2025-02-11T17:58:04.683322" elapsed="0.965114"/>
</kw>
<kw name="Scroll Element Into View" owner="SeleniumLibrary">
<arg>xpath=//button[@data-bs-target='#confirmEditModal']</arg>
<doc>Scrolls the element identified by ``locator`` into view.</doc>
<status status="PASS" start="2025-02-11T17:58:05.649120" elapsed="0.489919"/>
</kw>
<kw name="Click Element" owner="SeleniumLibrary">
<msg time="2025-02-11T17:58:06.140063" level="INFO">Clicking element 'xpath=//input[@name='isSelected']'.</msg>
<arg>xpath=//input[@name='isSelected']</arg>
<doc>Click the element identified by ``locator``.</doc>
<status status="PASS" start="2025-02-11T17:58:06.140063" elapsed="0.382309"/>
</kw>
<kw name="Click Button" owner="SeleniumLibrary">
<msg time="2025-02-11T17:58:06.523450" level="INFO">Clicking button 'xpath=//button[@class='btn btn-primary']'.</msg>
<arg>xpath=//button[@class='btn btn-primary']</arg>
<doc>Clicks the button identified by ``locator``.</doc>
<status status="PASS" start="2025-02-11T17:58:06.522372" elapsed="0.904683"/>
</kw>
<kw name="Click Button" owner="SeleniumLibrary">
<msg time="2025-02-11T17:58:07.427608" level="INFO">Clicking button 'xpath=//button[@id='confirmEditBtn']'.</msg>
<arg>xpath=//button[@id='confirmEditBtn']</arg>
<doc>Clicks the button identified by ``locator``.</doc>
<status status="PASS" start="2025-02-11T17:58:07.427055" elapsed="2.008213"/>
</kw>
<arg>${EMPTY}</arg>
<arg>${DESCRIPTION}</arg>
<arg>${PICTURE_PATH}</arg>
<arg>${PAPER_ID}</arg>
<status status="PASS" start="2025-02-11T17:58:02.502302" elapsed="6.933480"/>
</kw>
<kw name="Element Should Contain" owner="SeleniumLibrary">
<msg time="2025-02-11T17:58:09.688838" level="INFO">Element 'xpath=//div[@class='alert alert-danger']' contains text 'The title field is required.'.</msg>
<arg>xpath=//div[@class='alert alert-danger']</arg>
<arg>The title field is required.</arg>
<doc>Verifies that element ``locator`` contains text ``expected``.</doc>
<status status="PASS" start="2025-02-11T17:58:09.436800" elapsed="0.252038"/>
</kw>
<kw name="Title Should Be" owner="SeleniumLibrary">
<msg time="2025-02-11T17:58:09.800242" level="INFO">Page title is 'Edit Highlight Paper'.</msg>
<arg>Edit Highlight Paper</arg>
<doc>Verifies that the current page title equals ``title``.</doc>
<status status="PASS" start="2025-02-11T17:58:09.690224" elapsed="0.110018"/>
</kw>
<status status="PASS" start="2025-02-11T17:58:02.501197" elapsed="7.299045"/>
</test>
<test id="s1-t4" name="Description Can Be Null" line="29">
<kw name="Fill Highlight Form With Validation">
<kw name="Input Text" owner="SeleniumLibrary">
<msg time="2025-02-11T17:58:09.807004" level="INFO">Typing text 'บทความวิจัยได้รับการตีพิมพ์ในวารสารวิชาการระดับนานาชาติ' into text field 'xpath=//input[@name='title']'.</msg>
<arg>xpath=//input[@name='title']</arg>
<arg>${TITLE}</arg>
<doc>Types the given ``text`` into the text field identified by ``locator``.</doc>
<status status="PASS" start="2025-02-11T17:58:09.806008" elapsed="0.742669"/>
</kw>
<kw name="Input Text" owner="SeleniumLibrary">
<msg time="2025-02-11T17:58:10.549999" level="INFO">Typing text '' into text field 'xpath=//textarea[@name='description']'.</msg>
<arg>xpath=//textarea[@name='description']</arg>
<arg>${DESCRIPTION}</arg>
<doc>Types the given ``text`` into the text field identified by ``locator``.</doc>
<status status="PASS" start="2025-02-11T17:58:10.548677" elapsed="0.536335"/>
</kw>
<kw name="Choose File" owner="SeleniumLibrary">
<msg time="2025-02-11T17:58:11.086028" level="INFO">Sending C:\Users\User\Desktop\TestScript\highlight2.png to browser.</msg>
<arg>xpath=//input[@name='picture']</arg>
<arg>${PICTURE_PATH}</arg>
<doc>Inputs the ``file_path`` into the file input field ``locator``.</doc>
<status status="PASS" start="2025-02-11T17:58:11.086028" elapsed="0.295221"/>
</kw>
<kw name="Select From List By Value" owner="SeleniumLibrary">
<msg time="2025-02-11T17:58:11.383304" level="INFO">Selecting options from selection list 'xpath=//select[@name='paper_id']' by value 5.</msg>
<arg>xpath=//select[@name='paper_id']</arg>
<arg>${PAPER_ID}</arg>
<doc>Selects options from selection list ``locator`` by ``values``.</doc>
<status status="PASS" start="2025-02-11T17:58:11.382283" elapsed="0.965408"/>
</kw>
<kw name="Scroll Element Into View" owner="SeleniumLibrary">
<arg>xpath=//button[@data-bs-target='#confirmEditModal']</arg>
<doc>Scrolls the element identified by ``locator`` into view.</doc>
<status status="PASS" start="2025-02-11T17:58:12.347691" elapsed="0.510782"/>
</kw>
<kw name="Click Element" owner="SeleniumLibrary">
<msg time="2025-02-11T17:58:12.859987" level="INFO">Clicking element 'xpath=//input[@name='isSelected']'.</msg>
<arg>xpath=//input[@name='isSelected']</arg>
<doc>Click the element identified by ``locator``.</doc>
<status status="PASS" start="2025-02-11T17:58:12.858979" elapsed="0.334860"/>
</kw>
<kw name="Click Button" owner="SeleniumLibrary">
<msg time="2025-02-11T17:58:13.193839" level="INFO">Clicking button 'xpath=//button[@class='btn btn-primary']'.</msg>
<arg>xpath=//button[@class='btn btn-primary']</arg>
<doc>Clicks the button identified by ``locator``.</doc>
<status status="PASS" start="2025-02-11T17:58:13.193839" elapsed="0.956996"/>
</kw>
<kw name="Click Button" owner="SeleniumLibrary">
<msg time="2025-02-11T17:58:14.151351" level="INFO">Clicking button 'xpath=//button[@id='confirmEditBtn']'.</msg>
<arg>xpath=//button[@id='confirmEditBtn']</arg>
<doc>Clicks the button identified by ``locator``.</doc>
<status status="PASS" start="2025-02-11T17:58:14.151351" elapsed="2.303245"/>
</kw>
<arg>${TITLE}</arg>
<arg>${EMPTY}</arg>
<arg>${PICTURE_PATH}</arg>
<arg>${PAPER_ID}</arg>
<status status="PASS" start="2025-02-11T17:58:09.805004" elapsed="6.649592"/>
</kw>
<kw name="Title Should Be" owner="SeleniumLibrary">
<msg time="2025-02-11T17:58:16.566710" level="INFO">Page title is 'Highlight Papers'.</msg>
<arg>Highlight Papers</arg>
<doc>Verifies that the current page title equals ``title``.</doc>
<status status="PASS" start="2025-02-11T17:58:16.454596" elapsed="0.112114"/>
</kw>
<status status="PASS" start="2025-02-11T17:58:09.802624" elapsed="6.765095"/>
</test>
<test id="s1-t5" name="Picture Can Be Null" line="32">
<kw name="Click Edit Highlight Button">
<kw name="Scroll Element Into View" owner="SeleniumLibrary">
<arg>xpath=//tbody/tr[${row}]//a[@class='btn btn-warning btn-sm']</arg>
<doc>Scrolls the element identified by ``locator`` into view.</doc>
<status status="PASS" start="2025-02-11T17:58:16.570232" elapsed="0.555978"/>
</kw>
<kw name="Click Link" owner="SeleniumLibrary">
<msg time="2025-02-11T17:58:17.128227" level="INFO">Clicking link 'xpath=//tbody/tr[1]//a[@class='btn btn-warning btn-sm']'.</msg>
<arg>xpath=//tbody/tr[${row}]//a[@class='btn btn-warning btn-sm']</arg>
<doc>Clicks a link identified by ``locator``.</doc>
<status status="PASS" start="2025-02-11T17:58:17.127231" elapsed="1.201242"/>
</kw>
<kw name="Title Should Be" owner="SeleniumLibrary">
<msg time="2025-02-11T17:58:18.441800" level="INFO">Page title is 'Edit Highlight Paper'.</msg>
<arg>Edit Highlight Paper</arg>
<doc>Verifies that the current page title equals ``title``.</doc>
<status status="PASS" start="2025-02-11T17:58:18.328473" elapsed="0.113327"/>
</kw>
<status status="PASS" start="2025-02-11T17:58:16.570232" elapsed="1.871568"/>
</kw>
<kw name="Fill Highlight Form With Validation Without Image">
<kw name="Input Text" owner="SeleniumLibrary">
<msg time="2025-02-11T17:58:18.443824" level="INFO">Typing text 'บทความวิจัยได้รับการตีพิมพ์ในวารสารวิชาการระดับนานาชาติ' into text field 'xpath=//input[@name='title']'.</msg>
<arg>xpath=//input[@name='title']</arg>
<arg>${TITLE}</arg>
<doc>Types the given ``text`` into the text field identified by ``locator``.</doc>
<status status="PASS" start="2025-02-11T17:58:18.443824" elapsed="0.757693"/>
</kw>
<kw name="Input Text" owner="SeleniumLibrary">
<msg time="2025-02-11T17:58:19.203867" level="INFO">Typing text 'วิทยาลัยการคอมพิวเตอร์ มหาวิทยาลัยขอนแก่น ขอแสดงความยินดีกับ ศ. ดร.จักรชัย โสอินทร์ อ. ดร.ญานิกา คงโสรส อ. ดร.เพชร อิ่มทองคำ และ Mr.Chenset Kim เนื่องในโอกาสที่บทความวิจัยได้รับการตีพิมพ์ในวารสารวิชาการระดับนานาชาติ จำนวน 1 บทความวิจัย' into text field 'xpath=//textarea[@name='description']'.</msg>
<arg>xpath=//textarea[@name='description']</arg>
<arg>${DESCRIPTION}</arg>
<doc>Types the given ``text`` into the text field identified by ``locator``.</doc>
<status status="PASS" start="2025-02-11T17:58:19.202854" elapsed="1.224117"/>
</kw>
<kw name="Select From List By Value" owner="SeleniumLibrary">
<msg time="2025-02-11T17:58:20.428993" level="INFO">Selecting options from selection list 'xpath=//select[@name='paper_id']' by value 5.</msg>
<arg>xpath=//select[@name='paper_id']</arg>
<arg>${PAPER_ID}</arg>
<doc>Selects options from selection list ``locator`` by ``values``.</doc>
<status status="PASS" start="2025-02-11T17:58:20.427996" elapsed="0.705325"/>
</kw>
<kw name="Scroll Element Into View" owner="SeleniumLibrary">
<arg>xpath=//button[@data-bs-target='#confirmEditModal']</arg>
<doc>Scrolls the element identified by ``locator`` into view.</doc>
<status status="PASS" start="2025-02-11T17:58:21.133321" elapsed="0.507634"/>
</kw>
<kw name="Click Element" owner="SeleniumLibrary">
<msg time="2025-02-11T17:58:21.642381" level="INFO">Clicking element 'xpath=//input[@name='isSelected']'.</msg>
<arg>xpath=//input[@name='isSelected']</arg>
<doc>Click the element identified by ``locator``.</doc>
<status status="PASS" start="2025-02-11T17:58:21.640955" elapsed="0.331140"/>
</kw>
<kw name="Click Button" owner="SeleniumLibrary">
<msg time="2025-02-11T17:58:21.972095" level="INFO">Clicking button 'xpath=//button[@class='btn btn-primary']'.</msg>
<arg>xpath=//button[@class='btn btn-primary']</arg>
<doc>Clicks the button identified by ``locator``.</doc>
<status status="PASS" start="2025-02-11T17:58:21.972095" elapsed="0.933014"/>
</kw>
<kw name="Click Button" owner="SeleniumLibrary">
<msg time="2025-02-11T17:58:22.906277" level="INFO">Clicking button 'xpath=//button[@id='confirmEditBtn']'.</msg>
<arg>xpath=//button[@id='confirmEditBtn']</arg>
<doc>Clicks the button identified by ``locator``.</doc>
<status status="PASS" start="2025-02-11T17:58:22.905619" elapsed="2.083898"/>
</kw>
<arg>${TITLE}</arg>
<arg>${DESCRIPTION}</arg>
<arg>${PAPER_ID}</arg>
<status status="PASS" start="2025-02-11T17:58:18.442826" elapsed="6.546691"/>
</kw>
<kw name="Title Should Be" owner="SeleniumLibrary">
<msg time="2025-02-11T17:58:25.105235" level="INFO">Page title is 'Highlight Papers'.</msg>
<arg>Highlight Papers</arg>
<doc>Verifies that the current page title equals ``title``.</doc>
<status status="PASS" start="2025-02-11T17:58:24.990527" elapsed="0.115217"/>
</kw>
<status status="PASS" start="2025-02-11T17:58:16.569723" elapsed="8.536021"/>
</test>
<test id="s1-t6" name="Paper Can Not Be Null" line="36">
<kw name="Click Edit Highlight Button">
<kw name="Scroll Element Into View" owner="SeleniumLibrary">
<arg>xpath=//tbody/tr[${row}]//a[@class='btn btn-warning btn-sm']</arg>
<doc>Scrolls the element identified by ``locator`` into view.</doc>
<status status="PASS" start="2025-02-11T17:58:25.108758" elapsed="0.514801"/>
</kw>
<kw name="Click Link" owner="SeleniumLibrary">
<msg time="2025-02-11T17:58:25.625087" level="INFO">Clicking link 'xpath=//tbody/tr[1]//a[@class='btn btn-warning btn-sm']'.</msg>
<arg>xpath=//tbody/tr[${row}]//a[@class='btn btn-warning btn-sm']</arg>
<doc>Clicks a link identified by ``locator``.</doc>
<status status="PASS" start="2025-02-11T17:58:25.624074" elapsed="1.160163"/>
</kw>
<kw name="Title Should Be" owner="SeleniumLibrary">
<msg time="2025-02-11T17:58:26.897569" level="INFO">Page title is 'Edit Highlight Paper'.</msg>
<arg>Edit Highlight Paper</arg>
<doc>Verifies that the current page title equals ``title``.</doc>
<status status="PASS" start="2025-02-11T17:58:26.784237" elapsed="0.113332"/>
</kw>
<status status="PASS" start="2025-02-11T17:58:25.108758" elapsed="1.789328"/>
</kw>
<kw name="Fill Highlight Form With Validation">
<kw name="Input Text" owner="SeleniumLibrary">
<msg time="2025-02-11T17:58:26.900107" level="INFO">Typing text 'บทความวิจัยได้รับการตีพิมพ์ในวารสารวิชาการระดับนานาชาติ' into text field 'xpath=//input[@name='title']'.</msg>
<arg>xpath=//input[@name='title']</arg>
<arg>${TITLE}</arg>
<doc>Types the given ``text`` into the text field identified by ``locator``.</doc>
<status status="PASS" start="2025-02-11T17:58:26.900107" elapsed="0.848386"/>
</kw>
<kw name="Input Text" owner="SeleniumLibrary">
<msg time="2025-02-11T17:58:27.750033" level="INFO">Typing text 'วิทยาลัยการคอมพิวเตอร์ มหาวิทยาลัยขอนแก่น ขอแสดงความยินดีกับ ศ. ดร.จักรชัย โสอินทร์ อ. ดร.ญานิกา คงโสรส อ. ดร.เพชร อิ่มทองคำ และ Mr.Chenset Kim เนื่องในโอกาสที่บทความวิจัยได้รับการตีพิมพ์ในวารสารวิชาการระดับนานาชาติ จำนวน 1 บทความวิจัย' into text field 'xpath=//textarea[@name='description']'.</msg>
<arg>xpath=//textarea[@name='description']</arg>
<arg>${DESCRIPTION}</arg>
<doc>Types the given ``text`` into the text field identified by ``locator``.</doc>
<status status="PASS" start="2025-02-11T17:58:27.749015" elapsed="1.577335"/>
</kw>
<kw name="Choose File" owner="SeleniumLibrary">
<msg time="2025-02-11T17:58:29.327372" level="INFO">Sending C:\Users\User\Desktop\TestScript\highlight2.png to browser.</msg>
<arg>xpath=//input[@name='picture']</arg>
<arg>${PICTURE_PATH}</arg>
<doc>Inputs the ``file_path`` into the file input field ``locator``.</doc>
<status status="PASS" start="2025-02-11T17:58:29.326350" elapsed="0.284545"/>
</kw>
<kw name="Select From List By Value" owner="SeleniumLibrary">
<msg time="2025-02-11T17:58:29.612429" level="INFO">Selecting options from selection list 'xpath=//select[@name='paper_id']' by value .</msg>
<arg>xpath=//select[@name='paper_id']</arg>
<arg>${PAPER_ID}</arg>
<doc>Selects options from selection list ``locator`` by ``values``.</doc>
<status status="PASS" start="2025-02-11T17:58:29.611408" elapsed="0.990671"/>
</kw>
<kw name="Scroll Element Into View" owner="SeleniumLibrary">
<arg>xpath=//button[@data-bs-target='#confirmEditModal']</arg>
<doc>Scrolls the element identified by ``locator`` into view.</doc>
<status status="PASS" start="2025-02-11T17:58:30.602645" elapsed="0.513963"/>
</kw>
<kw name="Click Element" owner="SeleniumLibrary">
<msg time="2025-02-11T17:58:31.117642" level="INFO">Clicking element 'xpath=//input[@name='isSelected']'.</msg>
<arg>xpath=//input[@name='isSelected']</arg>
<doc>Click the element identified by ``locator``.</doc>
<status status="PASS" start="2025-02-11T17:58:31.117642" elapsed="0.368605"/>
</kw>
<kw name="Click Button" owner="SeleniumLibrary">
<msg time="2025-02-11T17:58:31.487370" level="INFO">Clicking button 'xpath=//button[@class='btn btn-primary']'.</msg>
<arg>xpath=//button[@class='btn btn-primary']</arg>
<doc>Clicks the button identified by ``locator``.</doc>
<status status="PASS" start="2025-02-11T17:58:31.486247" elapsed="0.931716"/>
</kw>
<kw name="Click Button" owner="SeleniumLibrary">
<msg time="2025-02-11T17:58:32.419353" level="INFO">Clicking button 'xpath=//button[@id='confirmEditBtn']'.</msg>
<arg>xpath=//button[@id='confirmEditBtn']</arg>
<doc>Clicks the button identified by ``locator``.</doc>
<status status="PASS" start="2025-02-11T17:58:32.417963" elapsed="1.879692"/>
</kw>
<arg>${TITLE}</arg>
<arg>${DESCRIPTION}</arg>
<arg>${PICTURE_PATH}</arg>
<arg>${EMPTY}</arg>
<status status="PASS" start="2025-02-11T17:58:26.898086" elapsed="7.400078"/>
</kw>
<kw name="Element Should Contain" owner="SeleniumLibrary">
<msg time="2025-02-11T17:58:34.543918" level="INFO">Element 'xpath=//div[@class='alert alert-danger']' contains text 'The paper id field is required.'.</msg>
<arg>xpath=//div[@class='alert alert-danger']</arg>
<arg>The paper id field is required.</arg>
<doc>Verifies that element ``locator`` contains text ``expected``.</doc>
<status status="PASS" start="2025-02-11T17:58:34.299181" elapsed="0.245281"/>
</kw>
<kw name="Title Should Be" owner="SeleniumLibrary">
<msg time="2025-02-11T17:58:34.664664" level="INFO">Page title is 'Edit Highlight Paper'.</msg>
<arg>Edit Highlight Paper</arg>
<doc>Verifies that the current page title equals ``title``.</doc>
<status status="PASS" start="2025-02-11T17:58:34.545487" elapsed="0.119177"/>
</kw>
<status status="PASS" start="2025-02-11T17:58:25.107760" elapsed="9.558245"/>
</test>
<test id="s1-t7" name="IsSelected Can Be Null" line="41">
<kw name="Fill Highlight Form With Validation Without IsSelected">
<kw name="Input Text" owner="SeleniumLibrary">
<msg time="2025-02-11T17:58:34.673002" level="INFO">Typing text 'บทความวิจัยได้รับการตีพิมพ์ในวารสารวิชาการระดับนานาชาติ' into text field 'xpath=//input[@name='title']'.</msg>
<arg>xpath=//input[@name='title']</arg>
<arg>${TITLE}</arg>
<doc>Types the given ``text`` into the text field identified by ``locator``.</doc>
<status status="PASS" start="2025-02-11T17:58:34.672004" elapsed="0.739416"/>
</kw>
<kw name="Input Text" owner="SeleniumLibrary">
<msg time="2025-02-11T17:58:35.412438" level="INFO">Typing text 'วิทยาลัยการคอมพิวเตอร์ มหาวิทยาลัยขอนแก่น ขอแสดงความยินดีกับ ศ. ดร.จักรชัย โสอินทร์ อ. ดร.ญานิกา คงโสรส อ. ดร.เพชร อิ่มทองคำ และ Mr.Chenset Kim เนื่องในโอกาสที่บทความวิจัยได้รับการตีพิมพ์ในวารสารวิชาการระดับนานาชาติ จำนวน 1 บทความวิจัย' into text field 'xpath=//textarea[@name='description']'.</msg>
<arg>xpath=//textarea[@name='description']</arg>
<arg>${DESCRIPTION}</arg>
<doc>Types the given ``text`` into the text field identified by ``locator``.</doc>
<status status="PASS" start="2025-02-11T17:58:35.412438" elapsed="1.464701"/>
</kw>
<kw name="Choose File" owner="SeleniumLibrary">
<msg time="2025-02-11T17:58:36.878158" level="INFO">Sending C:\Users\User\Desktop\TestScript\highlight2.png to browser.</msg>
<arg>xpath=//input[@name='picture']</arg>
<arg>${PICTURE_PATH}</arg>
<doc>Inputs the ``file_path`` into the file input field ``locator``.</doc>
<status status="PASS" start="2025-02-11T17:58:36.877139" elapsed="0.251240"/>
</kw>
<kw name="Select From List By Value" owner="SeleniumLibrary">
<msg time="2025-02-11T17:58:37.129720" level="INFO">Selecting options from selection list 'xpath=//select[@name='paper_id']' by value 5.</msg>
<arg>xpath=//select[@name='paper_id']</arg>
<arg>${PAPER_ID}</arg>
<doc>Selects options from selection list ``locator`` by ``values``.</doc>
<status status="PASS" start="2025-02-11T17:58:37.128379" elapsed="0.690680"/>
</kw>
<kw name="Scroll Element Into View" owner="SeleniumLibrary">
<arg>xpath=//button[@data-bs-target='#confirmEditModal']</arg>
<doc>Scrolls the element identified by ``locator`` into view.</doc>
<status status="PASS" start="2025-02-11T17:58:37.819579" elapsed="0.508578"/>
</kw>
<kw name="Click Button" owner="SeleniumLibrary">
<msg time="2025-02-11T17:58:38.329179" level="INFO">Clicking button 'xpath=//button[@class='btn btn-primary']'.</msg>
<arg>xpath=//button[@class='btn btn-primary']</arg>
<doc>Clicks the button identified by ``locator``.</doc>
<status status="PASS" start="2025-02-11T17:58:38.329179" elapsed="0.890584"/>
</kw>
<kw name="Click Button" owner="SeleniumLibrary">
<msg time="2025-02-11T17:58:39.219763" level="INFO">Clicking button 'xpath=//button[@id='confirmEditBtn']'.</msg>
<arg>xpath=//button[@id='confirmEditBtn']</arg>
<doc>Clicks the button identified by ``locator``.</doc>
<status status="PASS" start="2025-02-11T17:58:39.219763" elapsed="2.235150"/>
</kw>
<arg>${TITLE}</arg>
<arg>${DESCRIPTION}</arg>
<arg>${PICTURE_PATH}</arg>
<arg>${PAPER_ID}</arg>
<status status="PASS" start="2025-02-11T17:58:34.671005" elapsed="6.783908"/>
</kw>
<kw name="Title Should Be" owner="SeleniumLibrary">
<msg time="2025-02-11T17:58:41.565865" level="INFO">Page title is 'Highlight Papers'.</msg>
<arg>Highlight Papers</arg>
<doc>Verifies that the current page title equals ``title``.</doc>
<status status="PASS" start="2025-02-11T17:58:41.455930" elapsed="0.109935"/>
</kw>
<kw name="Sleep" owner="BuiltIn">
<msg time="2025-02-11T17:58:44.568508" level="INFO">Slept 3 seconds.</msg>
<arg>3s</arg>
<doc>Pauses the test executed for the given time.</doc>
<status status="PASS" start="2025-02-11T17:58:41.566884" elapsed="3.001624"/>
</kw>
<kw name="Close Browser" owner="SeleniumLibrary" type="TEARDOWN">
<doc>Closes the current browser.</doc>
<status status="PASS" start="2025-02-11T17:58:44.570567" elapsed="2.331117"/>
</kw>
<status status="PASS" start="2025-02-11T17:58:34.669005" elapsed="12.233690"/>
</test>
<doc>This is a test suite for invalid editing a highlight</doc>
<status status="PASS" start="2025-02-11T17:57:51.550298" elapsed="55.355400"/>
</suite>
<statistics>
<total>
<stat pass="7" fail="0" skip="0">All Tests</stat>
</total>
<tag>
</tag>
<suite>
<stat pass="7" fail="0" skip="0" id="s1" name="Invalid Edit Highlight">Invalid Edit Highlight</stat>
</suite>
</statistics>
<errors>
</errors>
</robot>
