<?xml version="1.0" encoding="UTF-8"?>
<robot generator="Robot 7.1.1 (Python 3.11.9 on win32)" generated="2025-02-11T14:02:34.388034" rpa="false" schemaversion="5">
<suite id="s1" name="Delete Highlight" source="C:\Users\User\Desktop\TestScript\delete_highlight.robot">
<test id="s1-t1" name="Login" line="11">
<kw name="Open Browser To Login Page" owner="resource">
<kw name="Open Browser" owner="SeleniumLibrary">
<msg time="2025-02-11T14:02:34.660960" level="INFO">Opening browser 'Chrome' to base url 'http://127.0.0.1:8000/login'.</msg>
<arg>${LOGIN URL}</arg>
<arg>${BROWSER}</arg>
<doc>Opens a new browser instance to the optional ``url``.</doc>
<status status="PASS" start="2025-02-11T14:02:34.660960" elapsed="2.430608"/>
</kw>
<kw name="Maximize Browser Window" owner="SeleniumLibrary">
<doc>Maximizes current browser window.</doc>
<status status="PASS" start="2025-02-11T14:02:37.092300" elapsed="0.047480"/>
</kw>
<kw name="Set Selenium Speed" owner="SeleniumLibrary">
<arg>${DELAY}</arg>
<doc>Sets the delay that is waited after each Selenium command.</doc>
<status status="PASS" start="2025-02-11T14:02:37.139780" elapsed="0.001000"/>
</kw>
<kw name="Title Should Be" owner="SeleniumLibrary">
<msg time="2025-02-11T14:02:37.250512" level="INFO">Page title is 'Login'.</msg>
<arg>Login</arg>
<doc>Verifies that the current page title equals ``title``.</doc>
<status status="PASS" start="2025-02-11T14:02:37.140780" elapsed="0.109732"/>
</kw>
<status status="PASS" start="2025-02-11T14:02:34.659959" elapsed="2.590553"/>
</kw>
<kw name="Input Username" owner="resource">
<kw name="Input Text" owner="SeleniumLibrary">
<msg time="2025-02-11T14:02:37.252526" level="INFO">Typing text 'staff@gmail.com' into text field 'id:username'.</msg>
<arg>id:username</arg>
<arg>${username}</arg>
<doc>Types the given ``text`` into the text field identified by ``locator``.</doc>
<status status="PASS" start="2025-02-11T14:02:37.251527" elapsed="0.572791"/>
</kw>
<arg>${USERNAME}</arg>
<status status="PASS" start="2025-02-11T14:02:37.251527" elapsed="0.572791"/>
</kw>
<kw name="Input Password" owner="resource">
<kw name="Input Text" owner="SeleniumLibrary">
<msg time="2025-02-11T14:02:37.826345" level="INFO">Typing text '123456789' into text field 'id:password'.</msg>
<arg>id:password</arg>
<arg>${password}</arg>
<doc>Types the given ``text`` into the text field identified by ``locator``.</doc>
<status status="PASS" start="2025-02-11T14:02:37.826345" elapsed="0.516338"/>
</kw>
<arg>${PASSWORD}</arg>
<status status="PASS" start="2025-02-11T14:02:37.825405" elapsed="0.517278"/>
</kw>
<kw name="Submit Credentials" owner="resource">
<kw name="Click Button" owner="SeleniumLibrary">
<msg time="2025-02-11T14:02:38.344063" level="INFO">Clicking button 'xpath=//button[@type='submit']'.</msg>
<arg>xpath=//button[@type='submit']</arg>
<doc>Clicks the button identified by ``locator``.</doc>
<status status="PASS" start="2025-02-11T14:02:38.344063" elapsed="3.654787"/>
</kw>
<kw name="Title Should Be" owner="SeleniumLibrary">
<msg time="2025-02-11T14:02:42.109494" level="INFO">Page title is 'Dashboard'.</msg>
<arg>Dashboard</arg>
<doc>Verifies that the current page title equals ``title``.</doc>
<status status="PASS" start="2025-02-11T14:02:41.999862" elapsed="0.109632"/>
</kw>
<status status="PASS" start="2025-02-11T14:02:38.342683" elapsed="3.767831"/>
</kw>
<status status="PASS" start="2025-02-11T14:02:34.658959" elapsed="7.452556"/>
</test>
<test id="s1-t2" name="Delete Highlight" line="17">
<kw name="Go To Highlight Setting Page" owner="resource">
<kw name="Scroll Element Into View" owner="SeleniumLibrary">
<arg>xpath=//span[text()='Highlight Setting']</arg>
<doc>Scrolls the element identified by ``locator`` into view.</doc>
<status status="PASS" start="2025-02-11T14:02:42.115635" elapsed="0.516084"/>
</kw>
<kw name="Click Element" owner="SeleniumLibrary">
<msg time="2025-02-11T14:02:42.632719" level="INFO">Clicking element 'xpath=//span[text()='Highlight Setting']'.</msg>
<arg>xpath=//span[text()='Highlight Setting']</arg>
<doc>Click the element identified by ``locator``.</doc>
<status status="PASS" start="2025-02-11T14:02:42.631719" elapsed="2.216918"/>
</kw>
<kw name="Title Should Be" owner="SeleniumLibrary">
<msg time="2025-02-11T14:02:44.956814" level="INFO">Page title is 'Highlight Papers'.</msg>
<arg>Highlight Papers</arg>
<doc>Verifies that the current page title equals ``title``.</doc>
<status status="PASS" start="2025-02-11T14:02:44.848637" elapsed="0.108177"/>
</kw>
<status status="PASS" start="2025-02-11T14:02:42.115635" elapsed="2.841179"/>
</kw>
<kw name="Title Should Be" owner="SeleniumLibrary">
<msg time="2025-02-11T14:02:45.068800" level="INFO">Page title is 'Highlight Papers'.</msg>
<arg>Highlight Papers</arg>
<doc>Verifies that the current page title equals ``title``.</doc>
<status status="PASS" start="2025-02-11T14:02:44.957837" elapsed="0.110963"/>
</kw>
<kw name="Click Delete Highlight Button">
<kw name="Scroll Element Into View" owner="SeleniumLibrary">
<arg>xpath=//tbody/tr[${row}]//button[@class='btn btn-danger btn-sm']</arg>
<doc>Scrolls the element identified by ``locator`` into view.</doc>
<status status="PASS" start="2025-02-11T14:02:45.069859" elapsed="0.507837"/>
</kw>
<kw name="Click Button" owner="SeleniumLibrary">
<msg time="2025-02-11T14:02:45.579157" level="INFO">Clicking button 'xpath=//tbody/tr[4]//button[@class='btn btn-danger btn-sm']'.</msg>
<arg>xpath=//tbody/tr[${row}]//button[@class='btn btn-danger btn-sm']</arg>
<doc>Clicks the button identified by ``locator``.</doc>
<status status="PASS" start="2025-02-11T14:02:45.577696" elapsed="0.699679"/>
</kw>
<kw name="Get Text" owner="SeleniumLibrary">
<msg time="2025-02-11T14:02:46.523666" level="INFO">${ID} = 18</msg>
<var>${ID}</var>
<arg>xpath=//table/tbody/tr[${row}]/td[1]</arg>
<doc>Returns the text value of the element identified by ``locator``.</doc>
<status status="PASS" start="2025-02-11T14:02:46.277375" elapsed="0.246291"/>
</kw>
<kw name="Click Button" owner="SeleniumLibrary">
<msg time="2025-02-11T14:02:46.525701" level="INFO">Clicking button 'xpath=//*[@id="deleteModal-18"]/div/div/div[3]/form/button'.</msg>
<arg>xpath=//*[@id="deleteModal-${ID}"]/div/div/div[3]/form/button</arg>
<doc>Clicks the button identified by ``locator``.</doc>
<status status="PASS" start="2025-02-11T14:02:46.524690" elapsed="3.384997"/>
</kw>
<status status="PASS" start="2025-02-11T14:02:45.069281" elapsed="4.840915"/>
</kw>
<kw name="Sleep" owner="BuiltIn">
<msg time="2025-02-11T14:02:52.911985" level="INFO">Slept 3 seconds.</msg>
<arg>3s</arg>
<doc>Pauses the test executed for the given time.</doc>
<status status="PASS" start="2025-02-11T14:02:49.911710" elapsed="3.000275"/>
</kw>
<kw name="Close Browser" owner="SeleniumLibrary" type="TEARDOWN">
<doc>Closes the current browser.</doc>
<status status="PASS" start="2025-02-11T14:02:52.913667" elapsed="2.288458"/>
</kw>
<status status="PASS" start="2025-02-11T14:02:42.113512" elapsed="13.089232"/>
</test>
<doc>This is a test suite for deleting a highlight</doc>
<status status="PASS" start="2025-02-11T14:02:34.390034" elapsed="20.815243"/>
</suite>
<statistics>
<total>
<stat pass="2" fail="0" skip="0">All Tests</stat>
</total>
<tag>
</tag>
<suite>
<stat pass="2" fail="0" skip="0" id="s1" name="Delete Highlight">Delete Highlight</stat>
</suite>
</statistics>
<errors>
</errors>
</robot>
